2024-11-29 01:45:14,855 <module> Line 78 [INFO]: Training NLinear model
2024-11-29 01:45:15,270 train_model Line 131 [INFO]: Epoch [1/500], Train Loss: 0.1760, Val Loss: 0.0995, Test Loss: 0.0538
2024-11-29 01:45:15,271 train_model Line 143 [INFO]: Save best model
2024-11-29 01:45:15,361 train_model Line 131 [INFO]: Epoch [2/500], Train Loss: 0.1676, Val Loss: 0.1013, Test Loss: 0.0570
2024-11-29 01:45:15,446 train_model Line 131 [INFO]: Epoch [3/500], Train Loss: 0.1654, Val Loss: 0.0966, Test Loss: 0.0565
2024-11-29 01:45:15,447 train_model Line 143 [INFO]: Save best model
2024-11-29 01:45:15,532 train_model Line 131 [INFO]: Epoch [4/500], Train Loss: 0.1690, Val Loss: 0.1047, Test Loss: 0.0673
2024-11-29 01:45:15,619 train_model Line 131 [INFO]: Epoch [5/500], Train Loss: 0.1643, Val Loss: 0.1019, Test Loss: 0.0554
2024-11-29 01:45:15,708 train_model Line 131 [INFO]: Epoch [6/500], Train Loss: 0.1691, Val Loss: 0.0983, Test Loss: 0.0608
2024-11-29 01:45:15,801 train_model Line 131 [INFO]: Epoch [7/500], Train Loss: 0.1663, Val Loss: 0.1128, Test Loss: 0.0695
2024-11-29 01:45:15,902 train_model Line 131 [INFO]: Epoch [8/500], Train Loss: 0.1665, Val Loss: 0.1054, Test Loss: 0.0720
2024-11-29 01:45:16,000 train_model Line 131 [INFO]: Epoch [9/500], Train Loss: 0.1628, Val Loss: 0.0990, Test Loss: 0.0601
2024-11-29 01:45:16,090 train_model Line 131 [INFO]: Epoch [10/500], Train Loss: 0.1664, Val Loss: 0.1000, Test Loss: 0.0626
2024-11-29 01:45:16,181 train_model Line 131 [INFO]: Epoch [11/500], Train Loss: 0.1450, Val Loss: 0.0898, Test Loss: 0.0545
2024-11-29 01:45:16,182 train_model Line 143 [INFO]: Save best model
2024-11-29 01:45:16,274 train_model Line 131 [INFO]: Epoch [12/500], Train Loss: 0.1432, Val Loss: 0.0919, Test Loss: 0.0531
2024-11-29 01:45:16,366 train_model Line 131 [INFO]: Epoch [13/500], Train Loss: 0.1436, Val Loss: 0.0903, Test Loss: 0.0539
2024-11-29 01:45:16,458 train_model Line 131 [INFO]: Epoch [14/500], Train Loss: 0.1435, Val Loss: 0.0906, Test Loss: 0.0542
2024-11-29 01:45:16,550 train_model Line 131 [INFO]: Epoch [15/500], Train Loss: 0.1438, Val Loss: 0.0924, Test Loss: 0.0525
2024-11-29 01:45:16,639 train_model Line 131 [INFO]: Epoch [16/500], Train Loss: 0.1438, Val Loss: 0.0906, Test Loss: 0.0525
2024-11-29 01:45:16,730 train_model Line 131 [INFO]: Epoch [17/500], Train Loss: 0.1442, Val Loss: 0.0906, Test Loss: 0.0539
2024-11-29 01:45:16,824 train_model Line 131 [INFO]: Epoch [18/500], Train Loss: 0.1440, Val Loss: 0.0909, Test Loss: 0.0528
2024-11-29 01:45:16,916 train_model Line 131 [INFO]: Epoch [19/500], Train Loss: 0.1415, Val Loss: 0.0901, Test Loss: 0.0531
2024-11-29 01:45:17,005 train_model Line 131 [INFO]: Epoch [20/500], Train Loss: 0.1415, Val Loss: 0.0901, Test Loss: 0.0535
2024-11-29 01:45:17,095 train_model Line 131 [INFO]: Epoch [21/500], Train Loss: 0.1414, Val Loss: 0.0899, Test Loss: 0.0537
2024-11-29 01:45:17,185 train_model Line 131 [INFO]: Epoch [22/500], Train Loss: 0.1414, Val Loss: 0.0901, Test Loss: 0.0529
2024-11-29 01:45:17,273 train_model Line 131 [INFO]: Epoch [23/500], Train Loss: 0.1414, Val Loss: 0.0901, Test Loss: 0.0527
2024-11-29 01:45:17,403 train_model Line 131 [INFO]: Epoch [24/500], Train Loss: 0.1414, Val Loss: 0.0902, Test Loss: 0.0536
2024-11-29 01:45:17,495 train_model Line 131 [INFO]: Epoch [25/500], Train Loss: 0.1415, Val Loss: 0.0902, Test Loss: 0.0534
2024-11-29 01:45:17,584 train_model Line 131 [INFO]: Epoch [26/500], Train Loss: 0.1412, Val Loss: 0.0900, Test Loss: 0.0531
2024-11-29 01:45:17,676 train_model Line 131 [INFO]: Epoch [27/500], Train Loss: 0.1409, Val Loss: 0.0899, Test Loss: 0.0530
2024-11-29 01:45:17,765 train_model Line 131 [INFO]: Epoch [28/500], Train Loss: 0.1410, Val Loss: 0.0899, Test Loss: 0.0530
2024-11-29 01:45:17,858 train_model Line 131 [INFO]: Epoch [29/500], Train Loss: 0.1410, Val Loss: 0.0899, Test Loss: 0.0530
2024-11-29 01:45:17,949 train_model Line 131 [INFO]: Epoch [30/500], Train Loss: 0.1410, Val Loss: 0.0899, Test Loss: 0.0531
2024-11-29 01:45:18,039 train_model Line 131 [INFO]: Epoch [31/500], Train Loss: 0.1410, Val Loss: 0.0899, Test Loss: 0.0532
2024-11-29 01:45:18,135 train_model Line 131 [INFO]: Epoch [32/500], Train Loss: 0.1408, Val Loss: 0.0899, Test Loss: 0.0530
2024-11-29 01:45:18,229 train_model Line 131 [INFO]: Epoch [33/500], Train Loss: 0.1411, Val Loss: 0.0899, Test Loss: 0.0530
2024-11-29 01:45:18,322 train_model Line 131 [INFO]: Epoch [34/500], Train Loss: 0.1408, Val Loss: 0.0899, Test Loss: 0.0530
2024-11-29 01:45:18,412 train_model Line 131 [INFO]: Epoch [35/500], Train Loss: 0.1409, Val Loss: 0.0899, Test Loss: 0.0531
2024-11-29 01:45:18,504 train_model Line 131 [INFO]: Epoch [36/500], Train Loss: 0.1408, Val Loss: 0.0899, Test Loss: 0.0531
2024-11-29 01:45:18,593 train_model Line 131 [INFO]: Epoch [37/500], Train Loss: 0.1408, Val Loss: 0.0899, Test Loss: 0.0531
2024-11-29 01:45:18,690 train_model Line 131 [INFO]: Epoch [38/500], Train Loss: 0.1409, Val Loss: 0.0899, Test Loss: 0.0531
2024-11-29 01:45:18,782 train_model Line 131 [INFO]: Epoch [39/500], Train Loss: 0.1409, Val Loss: 0.0899, Test Loss: 0.0531
2024-11-29 01:45:18,875 train_model Line 131 [INFO]: Epoch [40/500], Train Loss: 0.1409, Val Loss: 0.0899, Test Loss: 0.0531
2024-11-29 01:45:18,966 train_model Line 131 [INFO]: Epoch [41/500], Train Loss: 0.1410, Val Loss: 0.0899, Test Loss: 0.0531
2024-11-29 01:45:18,967 train_model Line 150 [INFO]: Early stopping triggered.
2024-11-29 01:45:18,967 <module> Line 94 [INFO]: Training DLinear model
2024-11-29 01:45:19,147 train_model Line 176 [INFO]: Epoch [1/500], Train Loss: 0.1989, Val Loss: 0.1024, Test Loss: 0.0987
2024-11-29 01:45:19,147 train_model Line 188 [INFO]: Save best model
2024-11-29 01:45:19,304 train_model Line 176 [INFO]: Epoch [2/500], Train Loss: 0.1803, Val Loss: 0.0990, Test Loss: 0.0966
2024-11-29 01:45:19,304 train_model Line 188 [INFO]: Save best model
2024-11-29 01:45:19,470 train_model Line 176 [INFO]: Epoch [3/500], Train Loss: 0.1850, Val Loss: 0.1014, Test Loss: 0.1130
2024-11-29 01:45:19,661 train_model Line 176 [INFO]: Epoch [4/500], Train Loss: 0.1897, Val Loss: 0.1079, Test Loss: 0.1491
2024-11-29 01:45:19,833 train_model Line 176 [INFO]: Epoch [5/500], Train Loss: 0.1793, Val Loss: 0.1070, Test Loss: 0.1257
2024-11-29 01:45:20,022 train_model Line 176 [INFO]: Epoch [6/500], Train Loss: 0.1846, Val Loss: 0.1016, Test Loss: 0.1161
2024-11-29 01:45:20,183 train_model Line 176 [INFO]: Epoch [7/500], Train Loss: 0.1836, Val Loss: 0.1102, Test Loss: 0.1919
2024-11-29 01:45:20,355 train_model Line 176 [INFO]: Epoch [8/500], Train Loss: 0.1825, Val Loss: 0.0992, Test Loss: 0.0896
2024-11-29 01:45:20,511 train_model Line 176 [INFO]: Epoch [9/500], Train Loss: 0.1989, Val Loss: 0.1008, Test Loss: 0.0748
2024-11-29 01:45:20,699 train_model Line 176 [INFO]: Epoch [10/500], Train Loss: 0.1465, Val Loss: 0.0939, Test Loss: 0.0720
2024-11-29 01:45:20,700 train_model Line 188 [INFO]: Save best model
2024-11-29 01:45:20,856 train_model Line 176 [INFO]: Epoch [11/500], Train Loss: 0.1434, Val Loss: 0.0909, Test Loss: 0.0575
2024-11-29 01:45:20,857 train_model Line 188 [INFO]: Save best model
2024-11-29 01:45:21,036 train_model Line 176 [INFO]: Epoch [12/500], Train Loss: 0.1432, Val Loss: 0.0910, Test Loss: 0.0590
2024-11-29 01:45:21,229 train_model Line 176 [INFO]: Epoch [13/500], Train Loss: 0.1422, Val Loss: 0.0908, Test Loss: 0.0602
2024-11-29 01:45:21,230 train_model Line 188 [INFO]: Save best model
2024-11-29 01:45:21,440 train_model Line 176 [INFO]: Epoch [14/500], Train Loss: 0.1441, Val Loss: 0.0915, Test Loss: 0.0642
2024-11-29 01:45:21,633 train_model Line 176 [INFO]: Epoch [15/500], Train Loss: 0.1431, Val Loss: 0.0917, Test Loss: 0.0662
2024-11-29 01:45:21,796 train_model Line 176 [INFO]: Epoch [16/500], Train Loss: 0.1432, Val Loss: 0.0923, Test Loss: 0.0750
2024-11-29 01:45:21,989 train_model Line 176 [INFO]: Epoch [17/500], Train Loss: 0.1436, Val Loss: 0.0920, Test Loss: 0.0661
2024-11-29 01:45:22,181 train_model Line 176 [INFO]: Epoch [18/500], Train Loss: 0.1438, Val Loss: 0.0913, Test Loss: 0.0548
2024-11-29 01:45:22,344 train_model Line 176 [INFO]: Epoch [19/500], Train Loss: 0.1434, Val Loss: 0.0947, Test Loss: 0.0933
2024-11-29 01:45:22,517 train_model Line 176 [INFO]: Epoch [20/500], Train Loss: 0.1445, Val Loss: 0.0904, Test Loss: 0.0601
2024-11-29 01:45:22,517 train_model Line 188 [INFO]: Save best model
2024-11-29 01:45:22,690 train_model Line 176 [INFO]: Epoch [21/500], Train Loss: 0.1448, Val Loss: 0.0931, Test Loss: 0.0876
2024-11-29 01:45:22,865 train_model Line 176 [INFO]: Epoch [22/500], Train Loss: 0.1447, Val Loss: 0.0933, Test Loss: 0.0819
2024-11-29 01:45:23,030 train_model Line 176 [INFO]: Epoch [23/500], Train Loss: 0.1432, Val Loss: 0.0912, Test Loss: 0.0612
2024-11-29 01:45:23,225 train_model Line 176 [INFO]: Epoch [24/500], Train Loss: 0.1443, Val Loss: 0.0919, Test Loss: 0.0581
2024-11-29 01:45:23,418 train_model Line 176 [INFO]: Epoch [25/500], Train Loss: 0.1438, Val Loss: 0.0911, Test Loss: 0.0572
2024-11-29 01:45:23,608 train_model Line 176 [INFO]: Epoch [26/500], Train Loss: 0.1437, Val Loss: 0.0915, Test Loss: 0.0653
2024-11-29 01:45:23,801 train_model Line 176 [INFO]: Epoch [27/500], Train Loss: 0.1438, Val Loss: 0.0921, Test Loss: 0.0726
2024-11-29 01:45:23,994 train_model Line 176 [INFO]: Epoch [28/500], Train Loss: 0.1391, Val Loss: 0.0899, Test Loss: 0.0542
2024-11-29 01:45:23,995 train_model Line 188 [INFO]: Save best model
2024-11-29 01:45:24,190 train_model Line 176 [INFO]: Epoch [29/500], Train Loss: 0.1389, Val Loss: 0.0909, Test Loss: 0.0622
2024-11-29 01:45:24,352 train_model Line 176 [INFO]: Epoch [30/500], Train Loss: 0.1389, Val Loss: 0.0902, Test Loss: 0.0560
2024-11-29 01:45:24,526 train_model Line 176 [INFO]: Epoch [31/500], Train Loss: 0.1387, Val Loss: 0.0903, Test Loss: 0.0560
2024-11-29 01:45:24,719 train_model Line 176 [INFO]: Epoch [32/500], Train Loss: 0.1387, Val Loss: 0.0908, Test Loss: 0.0603
2024-11-29 01:45:24,884 train_model Line 176 [INFO]: Epoch [33/500], Train Loss: 0.1388, Val Loss: 0.0905, Test Loss: 0.0580
2024-11-29 01:45:25,080 train_model Line 176 [INFO]: Epoch [34/500], Train Loss: 0.1388, Val Loss: 0.0909, Test Loss: 0.0620
2024-11-29 01:45:25,276 train_model Line 176 [INFO]: Epoch [35/500], Train Loss: 0.1388, Val Loss: 0.0909, Test Loss: 0.0614
2024-11-29 01:45:25,470 train_model Line 176 [INFO]: Epoch [36/500], Train Loss: 0.1383, Val Loss: 0.0907, Test Loss: 0.0599
2024-11-29 01:45:25,660 train_model Line 176 [INFO]: Epoch [37/500], Train Loss: 0.1383, Val Loss: 0.0904, Test Loss: 0.0577
2024-11-29 01:45:25,835 train_model Line 176 [INFO]: Epoch [38/500], Train Loss: 0.1382, Val Loss: 0.0906, Test Loss: 0.0589
2024-11-29 01:45:26,003 train_model Line 176 [INFO]: Epoch [39/500], Train Loss: 0.1382, Val Loss: 0.0905, Test Loss: 0.0583
2024-11-29 01:45:26,199 train_model Line 176 [INFO]: Epoch [40/500], Train Loss: 0.1383, Val Loss: 0.0905, Test Loss: 0.0582
2024-11-29 01:45:26,394 train_model Line 176 [INFO]: Epoch [41/500], Train Loss: 0.1383, Val Loss: 0.0904, Test Loss: 0.0576
2024-11-29 01:45:26,559 train_model Line 176 [INFO]: Epoch [42/500], Train Loss: 0.1383, Val Loss: 0.0905, Test Loss: 0.0586
2024-11-29 01:45:26,786 train_model Line 176 [INFO]: Epoch [43/500], Train Loss: 0.1381, Val Loss: 0.0905, Test Loss: 0.0584
2024-11-29 01:45:26,975 train_model Line 176 [INFO]: Epoch [44/500], Train Loss: 0.1381, Val Loss: 0.0905, Test Loss: 0.0582
2024-11-29 01:45:27,147 train_model Line 176 [INFO]: Epoch [45/500], Train Loss: 0.1381, Val Loss: 0.0905, Test Loss: 0.0581
2024-11-29 01:45:27,324 train_model Line 176 [INFO]: Epoch [46/500], Train Loss: 0.1379, Val Loss: 0.0905, Test Loss: 0.0581
2024-11-29 01:45:27,515 train_model Line 176 [INFO]: Epoch [47/500], Train Loss: 0.1382, Val Loss: 0.0905, Test Loss: 0.0581
2024-11-29 01:45:27,714 train_model Line 176 [INFO]: Epoch [48/500], Train Loss: 0.1382, Val Loss: 0.0905, Test Loss: 0.0581
2024-11-29 01:45:27,880 train_model Line 176 [INFO]: Epoch [49/500], Train Loss: 0.1382, Val Loss: 0.0905, Test Loss: 0.0580
2024-11-29 01:45:28,054 train_model Line 176 [INFO]: Epoch [50/500], Train Loss: 0.1382, Val Loss: 0.0905, Test Loss: 0.0580
2024-11-29 01:45:28,219 train_model Line 176 [INFO]: Epoch [51/500], Train Loss: 0.1382, Val Loss: 0.0905, Test Loss: 0.0580
2024-11-29 01:45:28,382 train_model Line 176 [INFO]: Epoch [52/500], Train Loss: 0.1382, Val Loss: 0.0904, Test Loss: 0.0580
2024-11-29 01:45:28,580 train_model Line 176 [INFO]: Epoch [53/500], Train Loss: 0.1381, Val Loss: 0.0905, Test Loss: 0.0580
2024-11-29 01:45:28,746 train_model Line 176 [INFO]: Epoch [54/500], Train Loss: 0.1382, Val Loss: 0.0905, Test Loss: 0.0580
2024-11-29 01:45:28,944 train_model Line 176 [INFO]: Epoch [55/500], Train Loss: 0.1383, Val Loss: 0.0905, Test Loss: 0.0580
2024-11-29 01:45:29,105 train_model Line 176 [INFO]: Epoch [56/500], Train Loss: 0.1382, Val Loss: 0.0905, Test Loss: 0.0581
2024-11-29 01:45:29,295 train_model Line 176 [INFO]: Epoch [57/500], Train Loss: 0.1381, Val Loss: 0.0904, Test Loss: 0.0581
2024-11-29 01:45:29,481 train_model Line 176 [INFO]: Epoch [58/500], Train Loss: 0.1382, Val Loss: 0.0904, Test Loss: 0.0581
2024-11-29 01:45:29,481 train_model Line 195 [INFO]: Early stopping triggered.
2024-11-29 01:45:29,482 <module> Line 109 [INFO]: Training DLinear + NLinear model
2024-11-29 01:45:29,683 train_model Line 422 [INFO]: Epoch [1/500], Train Loss: 0.1873, Val Loss: 0.1012, Test Loss: 0.0571
2024-11-29 01:45:29,684 train_model Line 434 [INFO]: Save best model
2024-11-29 01:45:29,870 train_model Line 422 [INFO]: Epoch [2/500], Train Loss: 0.1732, Val Loss: 0.1517, Test Loss: 0.0781
2024-11-29 01:45:30,039 train_model Line 422 [INFO]: Epoch [3/500], Train Loss: 0.1824, Val Loss: 0.1142, Test Loss: 0.0704
2024-11-29 01:45:30,207 train_model Line 422 [INFO]: Epoch [4/500], Train Loss: 0.1753, Val Loss: 0.1038, Test Loss: 0.0618
2024-11-29 01:45:30,383 train_model Line 422 [INFO]: Epoch [5/500], Train Loss: 0.1827, Val Loss: 0.1077, Test Loss: 0.0592
2024-11-29 01:45:30,585 train_model Line 422 [INFO]: Epoch [6/500], Train Loss: 0.1823, Val Loss: 0.1049, Test Loss: 0.0612
2024-11-29 01:45:30,756 train_model Line 422 [INFO]: Epoch [7/500], Train Loss: 0.1729, Val Loss: 0.0984, Test Loss: 0.0631
2024-11-29 01:45:30,757 train_model Line 434 [INFO]: Save best model
2024-11-29 01:45:30,959 train_model Line 422 [INFO]: Epoch [8/500], Train Loss: 0.1741, Val Loss: 0.1090, Test Loss: 0.0652
2024-11-29 01:45:31,131 train_model Line 422 [INFO]: Epoch [9/500], Train Loss: 0.1792, Val Loss: 0.1071, Test Loss: 0.0597
2024-11-29 01:45:31,299 train_model Line 422 [INFO]: Epoch [10/500], Train Loss: 0.1774, Val Loss: 0.1098, Test Loss: 0.0592
2024-11-29 01:45:31,502 train_model Line 422 [INFO]: Epoch [11/500], Train Loss: 0.1776, Val Loss: 0.1073, Test Loss: 0.0588
2024-11-29 01:45:31,709 train_model Line 422 [INFO]: Epoch [12/500], Train Loss: 0.1754, Val Loss: 0.1048, Test Loss: 0.0566
2024-11-29 01:45:31,886 train_model Line 422 [INFO]: Epoch [13/500], Train Loss: 0.1714, Val Loss: 0.1002, Test Loss: 0.0591
2024-11-29 01:45:32,088 train_model Line 422 [INFO]: Epoch [14/500], Train Loss: 0.1796, Val Loss: 0.1026, Test Loss: 0.0599
2024-11-29 01:45:32,317 train_model Line 422 [INFO]: Epoch [15/500], Train Loss: 0.1473, Val Loss: 0.0923, Test Loss: 0.0548
2024-11-29 01:45:32,318 train_model Line 434 [INFO]: Save best model
2024-11-29 01:45:32,497 train_model Line 422 [INFO]: Epoch [16/500], Train Loss: 0.1447, Val Loss: 0.0923, Test Loss: 0.0541
2024-11-29 01:45:32,497 train_model Line 434 [INFO]: Save best model
2024-11-29 01:45:32,696 train_model Line 422 [INFO]: Epoch [17/500], Train Loss: 0.1443, Val Loss: 0.0929, Test Loss: 0.0572
2024-11-29 01:45:32,899 train_model Line 422 [INFO]: Epoch [18/500], Train Loss: 0.1443, Val Loss: 0.0924, Test Loss: 0.0533
2024-11-29 01:45:33,076 train_model Line 422 [INFO]: Epoch [19/500], Train Loss: 0.1446, Val Loss: 0.0905, Test Loss: 0.0550
2024-11-29 01:45:33,076 train_model Line 434 [INFO]: Save best model
2024-11-29 01:45:33,253 train_model Line 422 [INFO]: Epoch [20/500], Train Loss: 0.1445, Val Loss: 0.0915, Test Loss: 0.0550
2024-11-29 01:45:33,423 train_model Line 422 [INFO]: Epoch [21/500], Train Loss: 0.1447, Val Loss: 0.0907, Test Loss: 0.0547
2024-11-29 01:45:33,600 train_model Line 422 [INFO]: Epoch [22/500], Train Loss: 0.1451, Val Loss: 0.0915, Test Loss: 0.0542
2024-11-29 01:45:33,770 train_model Line 422 [INFO]: Epoch [23/500], Train Loss: 0.1445, Val Loss: 0.0910, Test Loss: 0.0542
2024-11-29 01:45:33,969 train_model Line 422 [INFO]: Epoch [24/500], Train Loss: 0.1450, Val Loss: 0.0933, Test Loss: 0.0544
2024-11-29 01:45:34,144 train_model Line 422 [INFO]: Epoch [25/500], Train Loss: 0.1457, Val Loss: 0.0913, Test Loss: 0.0563
2024-11-29 01:45:34,328 train_model Line 422 [INFO]: Epoch [26/500], Train Loss: 0.1446, Val Loss: 0.0908, Test Loss: 0.0529
2024-11-29 01:45:34,510 train_model Line 422 [INFO]: Epoch [27/500], Train Loss: 0.1416, Val Loss: 0.0902, Test Loss: 0.0535
2024-11-29 01:45:34,511 train_model Line 434 [INFO]: Save best model
2024-11-29 01:45:34,699 train_model Line 422 [INFO]: Epoch [28/500], Train Loss: 0.1414, Val Loss: 0.0901, Test Loss: 0.0533
2024-11-29 01:45:34,700 train_model Line 434 [INFO]: Save best model
2024-11-29 01:45:34,875 train_model Line 422 [INFO]: Epoch [29/500], Train Loss: 0.1415, Val Loss: 0.0901, Test Loss: 0.0531
2024-11-29 01:45:35,071 train_model Line 422 [INFO]: Epoch [30/500], Train Loss: 0.1414, Val Loss: 0.0900, Test Loss: 0.0534
2024-11-29 01:45:35,071 train_model Line 434 [INFO]: Save best model
2024-11-29 01:45:35,256 train_model Line 422 [INFO]: Epoch [31/500], Train Loss: 0.1414, Val Loss: 0.0900, Test Loss: 0.0531
2024-11-29 01:45:35,456 train_model Line 422 [INFO]: Epoch [32/500], Train Loss: 0.1413, Val Loss: 0.0900, Test Loss: 0.0534
2024-11-29 01:45:35,643 train_model Line 422 [INFO]: Epoch [33/500], Train Loss: 0.1414, Val Loss: 0.0903, Test Loss: 0.0526
2024-11-29 01:45:35,813 train_model Line 422 [INFO]: Epoch [34/500], Train Loss: 0.1415, Val Loss: 0.0899, Test Loss: 0.0529
2024-11-29 01:45:35,814 train_model Line 434 [INFO]: Save best model
2024-11-29 01:45:36,016 train_model Line 422 [INFO]: Epoch [35/500], Train Loss: 0.1415, Val Loss: 0.0901, Test Loss: 0.0530
2024-11-29 01:45:36,210 train_model Line 422 [INFO]: Epoch [36/500], Train Loss: 0.1414, Val Loss: 0.0902, Test Loss: 0.0532
2024-11-29 01:45:36,394 train_model Line 422 [INFO]: Epoch [37/500], Train Loss: 0.1411, Val Loss: 0.0902, Test Loss: 0.0532
2024-11-29 01:45:36,617 train_model Line 422 [INFO]: Epoch [38/500], Train Loss: 0.1414, Val Loss: 0.0900, Test Loss: 0.0528
2024-11-29 01:45:36,796 train_model Line 422 [INFO]: Epoch [39/500], Train Loss: 0.1412, Val Loss: 0.0899, Test Loss: 0.0529
2024-11-29 01:45:36,797 train_model Line 434 [INFO]: Save best model
2024-11-29 01:45:36,997 train_model Line 422 [INFO]: Epoch [40/500], Train Loss: 0.1414, Val Loss: 0.0900, Test Loss: 0.0536
2024-11-29 01:45:37,195 train_model Line 422 [INFO]: Epoch [41/500], Train Loss: 0.1414, Val Loss: 0.0902, Test Loss: 0.0525
2024-11-29 01:45:37,384 train_model Line 422 [INFO]: Epoch [42/500], Train Loss: 0.1416, Val Loss: 0.0899, Test Loss: 0.0530
2024-11-29 01:45:37,608 train_model Line 422 [INFO]: Epoch [43/500], Train Loss: 0.1414, Val Loss: 0.0901, Test Loss: 0.0537
2024-11-29 01:45:37,824 train_model Line 422 [INFO]: Epoch [44/500], Train Loss: 0.1414, Val Loss: 0.0899, Test Loss: 0.0525
2024-11-29 01:45:37,825 train_model Line 434 [INFO]: Save best model
2024-11-29 01:45:38,025 train_model Line 422 [INFO]: Epoch [45/500], Train Loss: 0.1414, Val Loss: 0.0901, Test Loss: 0.0539
2024-11-29 01:45:38,197 train_model Line 422 [INFO]: Epoch [46/500], Train Loss: 0.1413, Val Loss: 0.0897, Test Loss: 0.0527
2024-11-29 01:45:38,197 train_model Line 434 [INFO]: Save best model
2024-11-29 01:45:38,383 train_model Line 422 [INFO]: Epoch [47/500], Train Loss: 0.1414, Val Loss: 0.0900, Test Loss: 0.0534
2024-11-29 01:45:38,552 train_model Line 422 [INFO]: Epoch [48/500], Train Loss: 0.1414, Val Loss: 0.0900, Test Loss: 0.0534
2024-11-29 01:45:38,754 train_model Line 422 [INFO]: Epoch [49/500], Train Loss: 0.1414, Val Loss: 0.0898, Test Loss: 0.0530
2024-11-29 01:45:38,933 train_model Line 422 [INFO]: Epoch [50/500], Train Loss: 0.1415, Val Loss: 0.0899, Test Loss: 0.0532
2024-11-29 01:45:39,129 train_model Line 422 [INFO]: Epoch [51/500], Train Loss: 0.1412, Val Loss: 0.0901, Test Loss: 0.0534
2024-11-29 01:45:39,312 train_model Line 422 [INFO]: Epoch [52/500], Train Loss: 0.1414, Val Loss: 0.0898, Test Loss: 0.0529
2024-11-29 01:45:39,492 train_model Line 422 [INFO]: Epoch [53/500], Train Loss: 0.1414, Val Loss: 0.0901, Test Loss: 0.0524
2024-11-29 01:45:39,667 train_model Line 422 [INFO]: Epoch [54/500], Train Loss: 0.1410, Val Loss: 0.0899, Test Loss: 0.0530
2024-11-29 01:45:39,867 train_model Line 422 [INFO]: Epoch [55/500], Train Loss: 0.1410, Val Loss: 0.0900, Test Loss: 0.0529
2024-11-29 01:45:40,076 train_model Line 422 [INFO]: Epoch [56/500], Train Loss: 0.1409, Val Loss: 0.0900, Test Loss: 0.0531
2024-11-29 01:45:40,272 train_model Line 422 [INFO]: Epoch [57/500], Train Loss: 0.1409, Val Loss: 0.0900, Test Loss: 0.0530
2024-11-29 01:45:40,467 train_model Line 422 [INFO]: Epoch [58/500], Train Loss: 0.1410, Val Loss: 0.0899, Test Loss: 0.0531
2024-11-29 01:45:40,660 train_model Line 422 [INFO]: Epoch [59/500], Train Loss: 0.1410, Val Loss: 0.0899, Test Loss: 0.0531
2024-11-29 01:45:40,829 train_model Line 422 [INFO]: Epoch [60/500], Train Loss: 0.1407, Val Loss: 0.0899, Test Loss: 0.0530
2024-11-29 01:45:40,995 train_model Line 422 [INFO]: Epoch [61/500], Train Loss: 0.1409, Val Loss: 0.0899, Test Loss: 0.0530
2024-11-29 01:45:41,177 train_model Line 422 [INFO]: Epoch [62/500], Train Loss: 0.1408, Val Loss: 0.0899, Test Loss: 0.0530
2024-11-29 01:45:41,350 train_model Line 422 [INFO]: Epoch [63/500], Train Loss: 0.1410, Val Loss: 0.0899, Test Loss: 0.0530
2024-11-29 01:45:41,537 train_model Line 422 [INFO]: Epoch [64/500], Train Loss: 0.1409, Val Loss: 0.0899, Test Loss: 0.0530
2024-11-29 01:45:41,730 train_model Line 422 [INFO]: Epoch [65/500], Train Loss: 0.1409, Val Loss: 0.0899, Test Loss: 0.0530
2024-11-29 01:45:41,916 train_model Line 422 [INFO]: Epoch [66/500], Train Loss: 0.1406, Val Loss: 0.0899, Test Loss: 0.0530
2024-11-29 01:45:42,094 train_model Line 422 [INFO]: Epoch [67/500], Train Loss: 0.1408, Val Loss: 0.0899, Test Loss: 0.0530
2024-11-29 01:45:42,270 train_model Line 422 [INFO]: Epoch [68/500], Train Loss: 0.1409, Val Loss: 0.0899, Test Loss: 0.0531
2024-11-29 01:45:42,442 train_model Line 422 [INFO]: Epoch [69/500], Train Loss: 0.1406, Val Loss: 0.0899, Test Loss: 0.0531
2024-11-29 01:45:42,605 train_model Line 422 [INFO]: Epoch [70/500], Train Loss: 0.1407, Val Loss: 0.0899, Test Loss: 0.0531
2024-11-29 01:45:42,825 train_model Line 422 [INFO]: Epoch [71/500], Train Loss: 0.1408, Val Loss: 0.0899, Test Loss: 0.0531
2024-11-29 01:45:43,043 train_model Line 422 [INFO]: Epoch [72/500], Train Loss: 0.1408, Val Loss: 0.0899, Test Loss: 0.0531
2024-11-29 01:45:43,217 train_model Line 422 [INFO]: Epoch [73/500], Train Loss: 0.1409, Val Loss: 0.0899, Test Loss: 0.0531
2024-11-29 01:45:43,386 train_model Line 422 [INFO]: Epoch [74/500], Train Loss: 0.1409, Val Loss: 0.0898, Test Loss: 0.0531
2024-11-29 01:45:43,558 train_model Line 422 [INFO]: Epoch [75/500], Train Loss: 0.1409, Val Loss: 0.0899, Test Loss: 0.0531
2024-11-29 01:45:43,727 train_model Line 422 [INFO]: Epoch [76/500], Train Loss: 0.1408, Val Loss: 0.0899, Test Loss: 0.0531
2024-11-29 01:45:43,728 train_model Line 441 [INFO]: Early stopping triggered.
2024-11-29 01:45:43,729 <module> Line 145 [INFO]: Training CNN_NLinear model
2024-11-29 01:45:45,068 train_model Line 193 [INFO]: Epoch [1/500], Train Loss: 0.3127, Val Loss: 0.0959, Test Loss: 0.0528
2024-11-29 01:45:45,069 train_model Line 205 [INFO]: Save best model
2024-11-29 01:45:46,417 train_model Line 193 [INFO]: Epoch [2/500], Train Loss: 0.1654, Val Loss: 0.0970, Test Loss: 0.0541
2024-11-29 01:45:47,753 train_model Line 193 [INFO]: Epoch [3/500], Train Loss: 0.1582, Val Loss: 0.0952, Test Loss: 0.0564
2024-11-29 01:45:47,754 train_model Line 205 [INFO]: Save best model
2024-11-29 01:45:49,199 train_model Line 193 [INFO]: Epoch [4/500], Train Loss: 0.1570, Val Loss: 0.0941, Test Loss: 0.0546
2024-11-29 01:45:49,200 train_model Line 205 [INFO]: Save best model
2024-11-29 01:45:50,555 train_model Line 193 [INFO]: Epoch [5/500], Train Loss: 0.1559, Val Loss: 0.0974, Test Loss: 0.0581
2024-11-29 01:45:51,910 train_model Line 193 [INFO]: Epoch [6/500], Train Loss: 0.1581, Val Loss: 0.0957, Test Loss: 0.0585
2024-11-29 01:45:53,255 train_model Line 193 [INFO]: Epoch [7/500], Train Loss: 0.1556, Val Loss: 0.1034, Test Loss: 0.0594
2024-11-29 01:45:54,698 train_model Line 193 [INFO]: Epoch [8/500], Train Loss: 0.1587, Val Loss: 0.0985, Test Loss: 0.0583
2024-11-29 01:45:56,031 train_model Line 193 [INFO]: Epoch [9/500], Train Loss: 0.1577, Val Loss: 0.0926, Test Loss: 0.0579
2024-11-29 01:45:56,032 train_model Line 205 [INFO]: Save best model
2024-11-29 01:45:57,391 train_model Line 193 [INFO]: Epoch [10/500], Train Loss: 0.1577, Val Loss: 0.0972, Test Loss: 0.0630
2024-11-29 01:45:58,741 train_model Line 193 [INFO]: Epoch [11/500], Train Loss: 0.1598, Val Loss: 0.1027, Test Loss: 0.0579
2024-11-29 01:46:00,182 train_model Line 193 [INFO]: Epoch [12/500], Train Loss: 0.1618, Val Loss: 0.0963, Test Loss: 0.0637
2024-11-29 01:46:01,524 train_model Line 193 [INFO]: Epoch [13/500], Train Loss: 0.1594, Val Loss: 0.0997, Test Loss: 0.0576
2024-11-29 01:46:02,869 train_model Line 193 [INFO]: Epoch [14/500], Train Loss: 0.1576, Val Loss: 0.0985, Test Loss: 0.0563
2024-11-29 01:46:04,203 train_model Line 193 [INFO]: Epoch [15/500], Train Loss: 0.1589, Val Loss: 0.0971, Test Loss: 0.0585
2024-11-29 01:46:05,645 train_model Line 193 [INFO]: Epoch [16/500], Train Loss: 0.1615, Val Loss: 0.0971, Test Loss: 0.0632
2024-11-29 01:46:06,999 train_model Line 193 [INFO]: Epoch [17/500], Train Loss: 0.1468, Val Loss: 0.0924, Test Loss: 0.0539
2024-11-29 01:46:07,000 train_model Line 205 [INFO]: Save best model
2024-11-29 01:46:08,363 train_model Line 193 [INFO]: Epoch [18/500], Train Loss: 0.1394, Val Loss: 0.0929, Test Loss: 0.0544
2024-11-29 01:46:09,724 train_model Line 193 [INFO]: Epoch [19/500], Train Loss: 0.1376, Val Loss: 0.0938, Test Loss: 0.0551
2024-11-29 01:46:11,152 train_model Line 193 [INFO]: Epoch [20/500], Train Loss: 0.1368, Val Loss: 0.0953, Test Loss: 0.0555
2024-11-29 01:46:12,493 train_model Line 193 [INFO]: Epoch [21/500], Train Loss: 0.1354, Val Loss: 0.0951, Test Loss: 0.0551
2024-11-29 01:46:13,839 train_model Line 193 [INFO]: Epoch [22/500], Train Loss: 0.1353, Val Loss: 0.0966, Test Loss: 0.0550
2024-11-29 01:46:15,193 train_model Line 193 [INFO]: Epoch [23/500], Train Loss: 0.1347, Val Loss: 0.0980, Test Loss: 0.0563
2024-11-29 01:46:16,623 train_model Line 193 [INFO]: Epoch [24/500], Train Loss: 0.1348, Val Loss: 0.0949, Test Loss: 0.0559
2024-11-29 01:46:17,968 train_model Line 193 [INFO]: Epoch [25/500], Train Loss: 0.1325, Val Loss: 0.0967, Test Loss: 0.0554
2024-11-29 01:46:19,322 train_model Line 193 [INFO]: Epoch [26/500], Train Loss: 0.1319, Val Loss: 0.0966, Test Loss: 0.0551
2024-11-29 01:46:20,722 train_model Line 193 [INFO]: Epoch [27/500], Train Loss: 0.1318, Val Loss: 0.0969, Test Loss: 0.0549
2024-11-29 01:46:22,213 train_model Line 193 [INFO]: Epoch [28/500], Train Loss: 0.1314, Val Loss: 0.0973, Test Loss: 0.0553
2024-11-29 01:46:23,605 train_model Line 193 [INFO]: Epoch [29/500], Train Loss: 0.1316, Val Loss: 0.0966, Test Loss: 0.0555
2024-11-29 01:46:24,990 train_model Line 193 [INFO]: Epoch [30/500], Train Loss: 0.1312, Val Loss: 0.0959, Test Loss: 0.0560
2024-11-29 01:46:26,344 train_model Line 193 [INFO]: Epoch [31/500], Train Loss: 0.1318, Val Loss: 0.0962, Test Loss: 0.0555
2024-11-29 01:46:27,787 train_model Line 193 [INFO]: Epoch [32/500], Train Loss: 0.1312, Val Loss: 0.0959, Test Loss: 0.0554
2024-11-29 01:46:29,135 train_model Line 193 [INFO]: Epoch [33/500], Train Loss: 0.1301, Val Loss: 0.0962, Test Loss: 0.0558
2024-11-29 01:46:30,503 train_model Line 193 [INFO]: Epoch [34/500], Train Loss: 0.1309, Val Loss: 0.0969, Test Loss: 0.0557
2024-11-29 01:46:31,910 train_model Line 193 [INFO]: Epoch [35/500], Train Loss: 0.1308, Val Loss: 0.0966, Test Loss: 0.0553
2024-11-29 01:46:33,306 train_model Line 193 [INFO]: Epoch [36/500], Train Loss: 0.1307, Val Loss: 0.0968, Test Loss: 0.0556
2024-11-29 01:46:34,663 train_model Line 193 [INFO]: Epoch [37/500], Train Loss: 0.1311, Val Loss: 0.0965, Test Loss: 0.0552
2024-11-29 01:46:36,009 train_model Line 193 [INFO]: Epoch [38/500], Train Loss: 0.1302, Val Loss: 0.0962, Test Loss: 0.0556
2024-11-29 01:46:37,379 train_model Line 193 [INFO]: Epoch [39/500], Train Loss: 0.1307, Val Loss: 0.0969, Test Loss: 0.0554
2024-11-29 01:46:38,801 train_model Line 193 [INFO]: Epoch [40/500], Train Loss: 0.1310, Val Loss: 0.0977, Test Loss: 0.0550
2024-11-29 01:46:40,169 train_model Line 193 [INFO]: Epoch [41/500], Train Loss: 0.1304, Val Loss: 0.0970, Test Loss: 0.0551
2024-11-29 01:46:41,525 train_model Line 193 [INFO]: Epoch [42/500], Train Loss: 0.1302, Val Loss: 0.0967, Test Loss: 0.0553
2024-11-29 01:46:42,965 train_model Line 193 [INFO]: Epoch [43/500], Train Loss: 0.1311, Val Loss: 0.0970, Test Loss: 0.0554
2024-11-29 01:46:44,328 train_model Line 193 [INFO]: Epoch [44/500], Train Loss: 0.1317, Val Loss: 0.0971, Test Loss: 0.0552
2024-11-29 01:46:45,684 train_model Line 193 [INFO]: Epoch [45/500], Train Loss: 0.1306, Val Loss: 0.0968, Test Loss: 0.0551
2024-11-29 01:46:47,048 train_model Line 193 [INFO]: Epoch [46/500], Train Loss: 0.1310, Val Loss: 0.0968, Test Loss: 0.0555
2024-11-29 01:46:48,488 train_model Line 193 [INFO]: Epoch [47/500], Train Loss: 0.1308, Val Loss: 0.0965, Test Loss: 0.0554
2024-11-29 01:46:48,488 train_model Line 212 [INFO]: Early stopping triggered.
2024-11-29 01:46:48,490 <module> Line 161 [INFO]: Training Hybrid model
2024-11-29 01:46:53,395 train_model Line 151 [INFO]: Epoch [1/500], Train Loss: 0.1379, Val Loss: 0.0893, Test Loss: 0.0532
2024-11-29 01:46:53,395 train_model Line 163 [INFO]: Save best model
2024-11-29 01:46:58,594 train_model Line 151 [INFO]: Epoch [2/500], Train Loss: 0.1377, Val Loss: 0.0892, Test Loss: 0.0532
2024-11-29 01:46:58,595 train_model Line 163 [INFO]: Save best model
2024-11-29 01:47:03,556 train_model Line 151 [INFO]: Epoch [3/500], Train Loss: 0.1375, Val Loss: 0.0891, Test Loss: 0.0532
2024-11-29 01:47:03,557 train_model Line 163 [INFO]: Save best model
2024-11-29 01:47:08,500 train_model Line 151 [INFO]: Epoch [4/500], Train Loss: 0.1375, Val Loss: 0.0894, Test Loss: 0.0532
2024-11-29 01:47:13,398 train_model Line 151 [INFO]: Epoch [5/500], Train Loss: 0.1374, Val Loss: 0.0892, Test Loss: 0.0532
2024-11-29 01:47:19,111 train_model Line 151 [INFO]: Epoch [6/500], Train Loss: 0.1376, Val Loss: 0.0894, Test Loss: 0.0533
2024-11-29 01:47:24,695 train_model Line 151 [INFO]: Epoch [7/500], Train Loss: 0.1375, Val Loss: 0.0893, Test Loss: 0.0532
2024-11-29 01:47:30,140 train_model Line 151 [INFO]: Epoch [8/500], Train Loss: 0.1374, Val Loss: 0.0892, Test Loss: 0.0533
2024-11-29 01:47:35,621 train_model Line 151 [INFO]: Epoch [9/500], Train Loss: 0.1377, Val Loss: 0.0894, Test Loss: 0.0533
2024-11-29 01:47:41,204 train_model Line 151 [INFO]: Epoch [10/500], Train Loss: 0.1375, Val Loss: 0.0891, Test Loss: 0.0533
2024-11-29 01:47:41,205 train_model Line 163 [INFO]: Save best model
2024-11-29 01:47:46,977 train_model Line 151 [INFO]: Epoch [11/500], Train Loss: 0.1373, Val Loss: 0.0892, Test Loss: 0.0533
2024-11-29 01:47:52,650 train_model Line 151 [INFO]: Epoch [12/500], Train Loss: 0.1374, Val Loss: 0.0892, Test Loss: 0.0534
2024-11-29 01:47:58,160 train_model Line 151 [INFO]: Epoch [13/500], Train Loss: 0.1376, Val Loss: 0.0893, Test Loss: 0.0532
2024-11-29 01:48:03,585 train_model Line 151 [INFO]: Epoch [14/500], Train Loss: 0.1372, Val Loss: 0.0893, Test Loss: 0.0534
2024-11-29 01:48:09,120 train_model Line 151 [INFO]: Epoch [15/500], Train Loss: 0.1372, Val Loss: 0.0893, Test Loss: 0.0535
2024-11-29 01:48:14,460 train_model Line 151 [INFO]: Epoch [16/500], Train Loss: 0.1374, Val Loss: 0.0893, Test Loss: 0.0535
2024-11-29 01:48:19,918 train_model Line 151 [INFO]: Epoch [17/500], Train Loss: 0.1372, Val Loss: 0.0891, Test Loss: 0.0534
2024-11-29 01:48:19,919 train_model Line 163 [INFO]: Save best model
2024-11-29 01:48:25,027 train_model Line 151 [INFO]: Epoch [18/500], Train Loss: 0.1373, Val Loss: 0.0893, Test Loss: 0.0534
2024-11-29 01:48:30,467 train_model Line 151 [INFO]: Epoch [19/500], Train Loss: 0.1371, Val Loss: 0.0893, Test Loss: 0.0535
2024-11-29 01:48:36,033 train_model Line 151 [INFO]: Epoch [20/500], Train Loss: 0.1373, Val Loss: 0.0891, Test Loss: 0.0535
2024-11-29 01:48:36,034 train_model Line 163 [INFO]: Save best model
2024-11-29 01:48:41,216 train_model Line 151 [INFO]: Epoch [21/500], Train Loss: 0.1370, Val Loss: 0.0894, Test Loss: 0.0535
2024-11-29 01:48:46,230 train_model Line 151 [INFO]: Epoch [22/500], Train Loss: 0.1371, Val Loss: 0.0893, Test Loss: 0.0535
2024-11-29 01:48:51,252 train_model Line 151 [INFO]: Epoch [23/500], Train Loss: 0.1372, Val Loss: 0.0892, Test Loss: 0.0535
2024-11-29 01:48:56,257 train_model Line 151 [INFO]: Epoch [24/500], Train Loss: 0.1371, Val Loss: 0.0892, Test Loss: 0.0536
2024-11-29 01:49:01,310 train_model Line 151 [INFO]: Epoch [25/500], Train Loss: 0.1373, Val Loss: 0.0894, Test Loss: 0.0535
2024-11-29 01:49:06,344 train_model Line 151 [INFO]: Epoch [26/500], Train Loss: 0.1370, Val Loss: 0.0894, Test Loss: 0.0534
2024-11-29 01:49:11,386 train_model Line 151 [INFO]: Epoch [27/500], Train Loss: 0.1369, Val Loss: 0.0892, Test Loss: 0.0535
2024-11-29 01:49:16,421 train_model Line 151 [INFO]: Epoch [28/500], Train Loss: 0.1373, Val Loss: 0.0892, Test Loss: 0.0535
2024-11-29 01:49:21,460 train_model Line 151 [INFO]: Epoch [29/500], Train Loss: 0.1372, Val Loss: 0.0893, Test Loss: 0.0535
2024-11-29 01:49:26,592 train_model Line 151 [INFO]: Epoch [30/500], Train Loss: 0.1372, Val Loss: 0.0893, Test Loss: 0.0535
2024-11-29 01:49:31,723 train_model Line 151 [INFO]: Epoch [31/500], Train Loss: 0.1370, Val Loss: 0.0892, Test Loss: 0.0536
2024-11-29 01:49:36,782 train_model Line 151 [INFO]: Epoch [32/500], Train Loss: 0.1372, Val Loss: 0.0895, Test Loss: 0.0534
2024-11-29 01:49:41,816 train_model Line 151 [INFO]: Epoch [33/500], Train Loss: 0.1372, Val Loss: 0.0894, Test Loss: 0.0534
2024-11-29 01:49:46,853 train_model Line 151 [INFO]: Epoch [34/500], Train Loss: 0.1372, Val Loss: 0.0895, Test Loss: 0.0536
2024-11-29 01:49:51,874 train_model Line 151 [INFO]: Epoch [35/500], Train Loss: 0.1372, Val Loss: 0.0894, Test Loss: 0.0536
2024-11-29 01:49:56,874 train_model Line 151 [INFO]: Epoch [36/500], Train Loss: 0.1371, Val Loss: 0.0894, Test Loss: 0.0534
2024-11-29 01:50:01,894 train_model Line 151 [INFO]: Epoch [37/500], Train Loss: 0.1371, Val Loss: 0.0891, Test Loss: 0.0536
2024-11-29 01:50:01,895 train_model Line 163 [INFO]: Save best model
2024-11-29 01:50:07,719 train_model Line 151 [INFO]: Epoch [38/500], Train Loss: 0.1369, Val Loss: 0.0895, Test Loss: 0.0534
2024-11-29 01:50:12,775 train_model Line 151 [INFO]: Epoch [39/500], Train Loss: 0.1371, Val Loss: 0.0892, Test Loss: 0.0535
2024-11-29 01:50:18,230 train_model Line 151 [INFO]: Epoch [40/500], Train Loss: 0.1372, Val Loss: 0.0893, Test Loss: 0.0537
2024-11-29 01:50:23,916 train_model Line 151 [INFO]: Epoch [41/500], Train Loss: 0.1370, Val Loss: 0.0892, Test Loss: 0.0536
2024-11-29 01:50:29,849 train_model Line 151 [INFO]: Epoch [42/500], Train Loss: 0.1371, Val Loss: 0.0893, Test Loss: 0.0535
2024-11-29 01:50:36,295 train_model Line 151 [INFO]: Epoch [43/500], Train Loss: 0.1372, Val Loss: 0.0891, Test Loss: 0.0537
2024-11-29 01:50:41,825 train_model Line 151 [INFO]: Epoch [44/500], Train Loss: 0.1371, Val Loss: 0.0896, Test Loss: 0.0535
2024-11-29 01:50:47,274 train_model Line 151 [INFO]: Epoch [45/500], Train Loss: 0.1373, Val Loss: 0.0893, Test Loss: 0.0535
2024-11-29 01:50:53,093 train_model Line 151 [INFO]: Epoch [46/500], Train Loss: 0.1371, Val Loss: 0.0893, Test Loss: 0.0534
2024-11-29 01:50:58,686 train_model Line 151 [INFO]: Epoch [47/500], Train Loss: 0.1370, Val Loss: 0.0892, Test Loss: 0.0535
2024-11-29 01:51:04,308 train_model Line 151 [INFO]: Epoch [48/500], Train Loss: 0.1370, Val Loss: 0.0891, Test Loss: 0.0536
2024-11-29 01:51:09,268 train_model Line 151 [INFO]: Epoch [49/500], Train Loss: 0.1369, Val Loss: 0.0893, Test Loss: 0.0535
2024-11-29 01:51:14,315 train_model Line 151 [INFO]: Epoch [50/500], Train Loss: 0.1371, Val Loss: 0.0893, Test Loss: 0.0536
2024-11-29 01:51:19,331 train_model Line 151 [INFO]: Epoch [51/500], Train Loss: 0.1372, Val Loss: 0.0892, Test Loss: 0.0535
2024-11-29 01:51:24,812 train_model Line 151 [INFO]: Epoch [52/500], Train Loss: 0.1374, Val Loss: 0.0892, Test Loss: 0.0536
2024-11-29 01:51:30,619 train_model Line 151 [INFO]: Epoch [53/500], Train Loss: 0.1372, Val Loss: 0.0896, Test Loss: 0.0534
2024-11-29 01:51:36,360 train_model Line 151 [INFO]: Epoch [54/500], Train Loss: 0.1372, Val Loss: 0.0894, Test Loss: 0.0534
2024-11-29 01:51:42,018 train_model Line 151 [INFO]: Epoch [55/500], Train Loss: 0.1369, Val Loss: 0.0894, Test Loss: 0.0536
2024-11-29 01:51:48,159 train_model Line 151 [INFO]: Epoch [56/500], Train Loss: 0.1372, Val Loss: 0.0892, Test Loss: 0.0536
2024-11-29 01:51:53,543 train_model Line 151 [INFO]: Epoch [57/500], Train Loss: 0.1370, Val Loss: 0.0896, Test Loss: 0.0534
2024-11-29 01:51:59,807 train_model Line 151 [INFO]: Epoch [58/500], Train Loss: 0.1369, Val Loss: 0.0891, Test Loss: 0.0535
2024-11-29 01:52:04,938 train_model Line 151 [INFO]: Epoch [59/500], Train Loss: 0.1370, Val Loss: 0.0893, Test Loss: 0.0534
2024-11-29 01:52:10,075 train_model Line 151 [INFO]: Epoch [60/500], Train Loss: 0.1373, Val Loss: 0.0894, Test Loss: 0.0535
2024-11-29 01:52:15,138 train_model Line 151 [INFO]: Epoch [61/500], Train Loss: 0.1371, Val Loss: 0.0893, Test Loss: 0.0535
2024-11-29 01:52:20,198 train_model Line 151 [INFO]: Epoch [62/500], Train Loss: 0.1374, Val Loss: 0.0891, Test Loss: 0.0535
2024-11-29 01:52:25,331 train_model Line 151 [INFO]: Epoch [63/500], Train Loss: 0.1372, Val Loss: 0.0893, Test Loss: 0.0535
2024-11-29 01:52:31,166 train_model Line 151 [INFO]: Epoch [64/500], Train Loss: 0.1375, Val Loss: 0.0895, Test Loss: 0.0535
2024-11-29 01:52:37,004 train_model Line 151 [INFO]: Epoch [65/500], Train Loss: 0.1370, Val Loss: 0.0894, Test Loss: 0.0536
2024-11-29 01:52:42,847 train_model Line 151 [INFO]: Epoch [66/500], Train Loss: 0.1373, Val Loss: 0.0893, Test Loss: 0.0535
2024-11-29 01:52:48,903 train_model Line 151 [INFO]: Epoch [67/500], Train Loss: 0.1370, Val Loss: 0.0893, Test Loss: 0.0536
2024-11-29 01:52:48,903 train_model Line 171 [INFO]: Early stopping triggered.
2024-11-29 01:52:49,955 <module> Line 180 [INFO]: Evaluating models.
2024-11-29 01:52:49,973 final_predict Line 203 [INFO]: [NLinear Score] MSE: 0.0546, MAE: 0.1797, MAPE: 0.1443
2024-11-29 01:52:50,075 final_predict Line 248 [INFO]: [DLinear Score] MSE: 0.0542, MAE:0.1775, MAPE: 0.1415
2024-11-29 01:52:50,196 final_predict Line 494 [INFO]: [DNLinear Score] MSE: 0.0527, MAE: 0.1763, MAPE: 0.1420
2024-11-29 01:52:50,401 final_predict Line 265 [INFO]: [CNN + NLinear Score] MSE: 0.0547, MAE: 0.1823, MAPE: 0.1485
2024-11-29 01:52:51,233 final_predict Line 224 [INFO]: [Hybrid model Score] MSE: 0.0537, MAE: 0.1783, MAPE: 0.1436
2024-11-29 01:52:51,302 <module> Line 195 [INFO]: main.py Elapsed time: 0:07:36.515192
