2024-12-06 13:07:08,604 <module> Line 46 [INFO]: NLinear, DLinear, NDLinear, CNN_NLiear, Stacking(Hybrid) model is Start
2024-12-06 13:07:08,761 <module> Line 78 [INFO]: Training NLinear model
2024-12-06 13:07:09,756 train_model Line 136 [INFO]: Epoch [1/500], Train Loss: 0.1760, Val Loss: 0.0995, Test Loss: 0.0538
2024-12-06 13:07:09,758 train_model Line 148 [INFO]: Save best model
2024-12-06 13:07:09,928 train_model Line 136 [INFO]: Epoch [2/500], Train Loss: 0.1676, Val Loss: 0.1013, Test Loss: 0.0570
2024-12-06 13:07:10,108 train_model Line 136 [INFO]: Epoch [3/500], Train Loss: 0.1654, Val Loss: 0.0966, Test Loss: 0.0565
2024-12-06 13:07:10,109 train_model Line 148 [INFO]: Save best model
2024-12-06 13:07:10,276 train_model Line 136 [INFO]: Epoch [4/500], Train Loss: 0.1690, Val Loss: 0.1047, Test Loss: 0.0673
2024-12-06 13:07:10,450 train_model Line 136 [INFO]: Epoch [5/500], Train Loss: 0.1643, Val Loss: 0.1019, Test Loss: 0.0554
2024-12-06 13:07:10,622 train_model Line 136 [INFO]: Epoch [6/500], Train Loss: 0.1691, Val Loss: 0.0983, Test Loss: 0.0608
2024-12-06 13:07:10,792 train_model Line 136 [INFO]: Epoch [7/500], Train Loss: 0.1663, Val Loss: 0.1128, Test Loss: 0.0695
2024-12-06 13:07:10,958 train_model Line 136 [INFO]: Epoch [8/500], Train Loss: 0.1665, Val Loss: 0.1054, Test Loss: 0.0720
2024-12-06 13:07:11,133 train_model Line 136 [INFO]: Epoch [9/500], Train Loss: 0.1628, Val Loss: 0.0990, Test Loss: 0.0601
2024-12-06 13:07:11,304 train_model Line 136 [INFO]: Epoch [10/500], Train Loss: 0.1664, Val Loss: 0.1000, Test Loss: 0.0626
2024-12-06 13:07:11,477 train_model Line 136 [INFO]: Epoch [11/500], Train Loss: 0.1450, Val Loss: 0.0898, Test Loss: 0.0545
2024-12-06 13:07:11,478 train_model Line 148 [INFO]: Save best model
2024-12-06 13:07:11,661 train_model Line 136 [INFO]: Epoch [12/500], Train Loss: 0.1432, Val Loss: 0.0919, Test Loss: 0.0531
2024-12-06 13:07:11,826 train_model Line 136 [INFO]: Epoch [13/500], Train Loss: 0.1436, Val Loss: 0.0903, Test Loss: 0.0539
2024-12-06 13:07:11,990 train_model Line 136 [INFO]: Epoch [14/500], Train Loss: 0.1435, Val Loss: 0.0906, Test Loss: 0.0542
2024-12-06 13:07:12,152 train_model Line 136 [INFO]: Epoch [15/500], Train Loss: 0.1438, Val Loss: 0.0924, Test Loss: 0.0525
2024-12-06 13:07:12,320 train_model Line 136 [INFO]: Epoch [16/500], Train Loss: 0.1438, Val Loss: 0.0906, Test Loss: 0.0525
2024-12-06 13:07:12,485 train_model Line 136 [INFO]: Epoch [17/500], Train Loss: 0.1442, Val Loss: 0.0906, Test Loss: 0.0539
2024-12-06 13:07:12,647 train_model Line 136 [INFO]: Epoch [18/500], Train Loss: 0.1440, Val Loss: 0.0909, Test Loss: 0.0528
2024-12-06 13:07:12,822 train_model Line 136 [INFO]: Epoch [19/500], Train Loss: 0.1415, Val Loss: 0.0901, Test Loss: 0.0531
2024-12-06 13:07:12,990 train_model Line 136 [INFO]: Epoch [20/500], Train Loss: 0.1415, Val Loss: 0.0901, Test Loss: 0.0535
2024-12-06 13:07:13,162 train_model Line 136 [INFO]: Epoch [21/500], Train Loss: 0.1414, Val Loss: 0.0899, Test Loss: 0.0537
2024-12-06 13:07:13,327 train_model Line 136 [INFO]: Epoch [22/500], Train Loss: 0.1414, Val Loss: 0.0901, Test Loss: 0.0529
2024-12-06 13:07:13,490 train_model Line 136 [INFO]: Epoch [23/500], Train Loss: 0.1414, Val Loss: 0.0901, Test Loss: 0.0527
2024-12-06 13:07:13,649 train_model Line 136 [INFO]: Epoch [24/500], Train Loss: 0.1414, Val Loss: 0.0902, Test Loss: 0.0536
2024-12-06 13:07:13,826 train_model Line 136 [INFO]: Epoch [25/500], Train Loss: 0.1415, Val Loss: 0.0902, Test Loss: 0.0534
2024-12-06 13:07:14,027 train_model Line 136 [INFO]: Epoch [26/500], Train Loss: 0.1412, Val Loss: 0.0900, Test Loss: 0.0531
2024-12-06 13:07:14,218 train_model Line 136 [INFO]: Epoch [27/500], Train Loss: 0.1409, Val Loss: 0.0899, Test Loss: 0.0530
2024-12-06 13:07:14,383 train_model Line 136 [INFO]: Epoch [28/500], Train Loss: 0.1410, Val Loss: 0.0899, Test Loss: 0.0530
2024-12-06 13:07:14,553 train_model Line 136 [INFO]: Epoch [29/500], Train Loss: 0.1410, Val Loss: 0.0899, Test Loss: 0.0530
2024-12-06 13:07:14,727 train_model Line 136 [INFO]: Epoch [30/500], Train Loss: 0.1410, Val Loss: 0.0899, Test Loss: 0.0531
2024-12-06 13:07:14,920 train_model Line 136 [INFO]: Epoch [31/500], Train Loss: 0.1410, Val Loss: 0.0899, Test Loss: 0.0532
2024-12-06 13:07:15,082 train_model Line 136 [INFO]: Epoch [32/500], Train Loss: 0.1408, Val Loss: 0.0899, Test Loss: 0.0530
2024-12-06 13:07:15,244 train_model Line 136 [INFO]: Epoch [33/500], Train Loss: 0.1411, Val Loss: 0.0899, Test Loss: 0.0530
2024-12-06 13:07:15,406 train_model Line 136 [INFO]: Epoch [34/500], Train Loss: 0.1408, Val Loss: 0.0899, Test Loss: 0.0530
2024-12-06 13:07:15,575 train_model Line 136 [INFO]: Epoch [35/500], Train Loss: 0.1409, Val Loss: 0.0899, Test Loss: 0.0531
2024-12-06 13:07:15,741 train_model Line 136 [INFO]: Epoch [36/500], Train Loss: 0.1408, Val Loss: 0.0899, Test Loss: 0.0531
2024-12-06 13:07:15,905 train_model Line 136 [INFO]: Epoch [37/500], Train Loss: 0.1408, Val Loss: 0.0899, Test Loss: 0.0531
2024-12-06 13:07:16,079 train_model Line 136 [INFO]: Epoch [38/500], Train Loss: 0.1409, Val Loss: 0.0899, Test Loss: 0.0531
2024-12-06 13:07:16,237 train_model Line 136 [INFO]: Epoch [39/500], Train Loss: 0.1409, Val Loss: 0.0899, Test Loss: 0.0531
2024-12-06 13:07:16,402 train_model Line 136 [INFO]: Epoch [40/500], Train Loss: 0.1409, Val Loss: 0.0899, Test Loss: 0.0531
2024-12-06 13:07:16,567 train_model Line 136 [INFO]: Epoch [41/500], Train Loss: 0.1410, Val Loss: 0.0899, Test Loss: 0.0531
2024-12-06 13:07:16,569 train_model Line 155 [INFO]: Early stopping triggered.
2024-12-06 13:07:16,573 <module> Line 102 [INFO]: Training NLinear model(Custom Loss)
2024-12-06 13:07:16,753 train_model Line 136 [INFO]: Epoch [1/500], Train Loss: 1.1455, Val Loss: 0.6395, Test Loss: 0.3543
2024-12-06 13:07:16,754 train_model Line 148 [INFO]: Save best model
2024-12-06 13:07:16,930 train_model Line 136 [INFO]: Epoch [2/500], Train Loss: 1.0892, Val Loss: 0.6605, Test Loss: 0.3721
2024-12-06 13:07:17,128 train_model Line 136 [INFO]: Epoch [3/500], Train Loss: 1.0633, Val Loss: 0.6196, Test Loss: 0.3658
2024-12-06 13:07:17,129 train_model Line 148 [INFO]: Save best model
2024-12-06 13:07:17,310 train_model Line 136 [INFO]: Epoch [4/500], Train Loss: 1.0980, Val Loss: 0.6712, Test Loss: 0.4346
2024-12-06 13:07:17,546 train_model Line 136 [INFO]: Epoch [5/500], Train Loss: 1.0656, Val Loss: 0.6618, Test Loss: 0.3610
2024-12-06 13:07:17,711 train_model Line 136 [INFO]: Epoch [6/500], Train Loss: 1.1092, Val Loss: 0.6420, Test Loss: 0.4107
2024-12-06 13:07:17,900 train_model Line 136 [INFO]: Epoch [7/500], Train Loss: 1.0761, Val Loss: 0.7342, Test Loss: 0.4652
2024-12-06 13:07:18,077 train_model Line 136 [INFO]: Epoch [8/500], Train Loss: 1.0782, Val Loss: 0.7000, Test Loss: 0.4916
2024-12-06 13:07:18,256 train_model Line 136 [INFO]: Epoch [9/500], Train Loss: 1.0562, Val Loss: 0.6317, Test Loss: 0.3995
2024-12-06 13:07:18,468 train_model Line 136 [INFO]: Epoch [10/500], Train Loss: 1.0809, Val Loss: 0.6572, Test Loss: 0.4197
2024-12-06 13:07:18,651 train_model Line 136 [INFO]: Epoch [11/500], Train Loss: 0.9477, Val Loss: 0.5810, Test Loss: 0.3636
2024-12-06 13:07:18,653 train_model Line 148 [INFO]: Save best model
2024-12-06 13:07:18,830 train_model Line 136 [INFO]: Epoch [12/500], Train Loss: 0.9367, Val Loss: 0.5956, Test Loss: 0.3522
2024-12-06 13:07:19,010 train_model Line 136 [INFO]: Epoch [13/500], Train Loss: 0.9381, Val Loss: 0.5873, Test Loss: 0.3605
2024-12-06 13:07:19,197 train_model Line 136 [INFO]: Epoch [14/500], Train Loss: 0.9386, Val Loss: 0.5869, Test Loss: 0.3614
2024-12-06 13:07:19,404 train_model Line 136 [INFO]: Epoch [15/500], Train Loss: 0.9403, Val Loss: 0.5980, Test Loss: 0.3471
2024-12-06 13:07:19,619 train_model Line 136 [INFO]: Epoch [16/500], Train Loss: 0.9398, Val Loss: 0.5880, Test Loss: 0.3494
2024-12-06 13:07:19,884 train_model Line 136 [INFO]: Epoch [17/500], Train Loss: 0.9419, Val Loss: 0.5852, Test Loss: 0.3563
2024-12-06 13:07:20,064 train_model Line 136 [INFO]: Epoch [18/500], Train Loss: 0.9414, Val Loss: 0.5883, Test Loss: 0.3510
2024-12-06 13:07:20,243 train_model Line 136 [INFO]: Epoch [19/500], Train Loss: 0.9257, Val Loss: 0.5845, Test Loss: 0.3531
2024-12-06 13:07:20,417 train_model Line 136 [INFO]: Epoch [20/500], Train Loss: 0.9259, Val Loss: 0.5845, Test Loss: 0.3565
2024-12-06 13:07:20,594 train_model Line 136 [INFO]: Epoch [21/500], Train Loss: 0.9254, Val Loss: 0.5830, Test Loss: 0.3582
2024-12-06 13:07:20,771 train_model Line 136 [INFO]: Epoch [22/500], Train Loss: 0.9253, Val Loss: 0.5839, Test Loss: 0.3527
2024-12-06 13:07:20,944 train_model Line 136 [INFO]: Epoch [23/500], Train Loss: 0.9255, Val Loss: 0.5840, Test Loss: 0.3509
2024-12-06 13:07:21,119 train_model Line 136 [INFO]: Epoch [24/500], Train Loss: 0.9252, Val Loss: 0.5845, Test Loss: 0.3569
2024-12-06 13:07:21,296 train_model Line 136 [INFO]: Epoch [25/500], Train Loss: 0.9259, Val Loss: 0.5845, Test Loss: 0.3557
2024-12-06 13:07:21,469 train_model Line 136 [INFO]: Epoch [26/500], Train Loss: 0.9237, Val Loss: 0.5833, Test Loss: 0.3534
2024-12-06 13:07:21,647 train_model Line 136 [INFO]: Epoch [27/500], Train Loss: 0.9227, Val Loss: 0.5831, Test Loss: 0.3524
2024-12-06 13:07:21,825 train_model Line 136 [INFO]: Epoch [28/500], Train Loss: 0.9229, Val Loss: 0.5827, Test Loss: 0.3526
2024-12-06 13:07:22,002 train_model Line 136 [INFO]: Epoch [29/500], Train Loss: 0.9234, Val Loss: 0.5830, Test Loss: 0.3525
2024-12-06 13:07:22,187 train_model Line 136 [INFO]: Epoch [30/500], Train Loss: 0.9228, Val Loss: 0.5829, Test Loss: 0.3532
2024-12-06 13:07:22,399 train_model Line 136 [INFO]: Epoch [31/500], Train Loss: 0.9231, Val Loss: 0.5829, Test Loss: 0.3536
2024-12-06 13:07:22,585 train_model Line 136 [INFO]: Epoch [32/500], Train Loss: 0.9214, Val Loss: 0.5825, Test Loss: 0.3528
2024-12-06 13:07:22,767 train_model Line 136 [INFO]: Epoch [33/500], Train Loss: 0.9236, Val Loss: 0.5830, Test Loss: 0.3528
2024-12-06 13:07:22,991 train_model Line 136 [INFO]: Epoch [34/500], Train Loss: 0.9217, Val Loss: 0.5830, Test Loss: 0.3529
2024-12-06 13:07:23,177 train_model Line 136 [INFO]: Epoch [35/500], Train Loss: 0.9224, Val Loss: 0.5826, Test Loss: 0.3530
2024-12-06 13:07:23,350 train_model Line 136 [INFO]: Epoch [36/500], Train Loss: 0.9213, Val Loss: 0.5829, Test Loss: 0.3530
2024-12-06 13:07:23,527 train_model Line 136 [INFO]: Epoch [37/500], Train Loss: 0.9218, Val Loss: 0.5831, Test Loss: 0.3531
2024-12-06 13:07:23,708 train_model Line 136 [INFO]: Epoch [38/500], Train Loss: 0.9222, Val Loss: 0.5831, Test Loss: 0.3531
2024-12-06 13:07:23,888 train_model Line 136 [INFO]: Epoch [39/500], Train Loss: 0.9225, Val Loss: 0.5830, Test Loss: 0.3531
2024-12-06 13:07:24,254 train_model Line 136 [INFO]: Epoch [40/500], Train Loss: 0.9224, Val Loss: 0.5829, Test Loss: 0.3531
2024-12-06 13:07:24,452 train_model Line 136 [INFO]: Epoch [41/500], Train Loss: 0.9230, Val Loss: 0.5832, Test Loss: 0.3531
2024-12-06 13:07:24,453 train_model Line 155 [INFO]: Early stopping triggered.
2024-12-06 13:07:24,454 <module> Line 127 [INFO]: Training DLinear model
2024-12-06 13:07:24,787 train_model Line 181 [INFO]: Epoch [1/500], Train Loss: 0.1989, Val Loss: 0.1024, Test Loss: 0.0987
2024-12-06 13:07:24,788 train_model Line 193 [INFO]: Save best model
2024-12-06 13:07:25,182 train_model Line 181 [INFO]: Epoch [2/500], Train Loss: 0.1803, Val Loss: 0.0990, Test Loss: 0.0966
2024-12-06 13:07:25,184 train_model Line 193 [INFO]: Save best model
2024-12-06 13:07:25,527 train_model Line 181 [INFO]: Epoch [3/500], Train Loss: 0.1850, Val Loss: 0.1014, Test Loss: 0.1130
2024-12-06 13:07:25,821 train_model Line 181 [INFO]: Epoch [4/500], Train Loss: 0.1897, Val Loss: 0.1079, Test Loss: 0.1491
2024-12-06 13:07:26,147 train_model Line 181 [INFO]: Epoch [5/500], Train Loss: 0.1793, Val Loss: 0.1070, Test Loss: 0.1257
2024-12-06 13:07:26,480 train_model Line 181 [INFO]: Epoch [6/500], Train Loss: 0.1846, Val Loss: 0.1016, Test Loss: 0.1161
2024-12-06 13:07:26,819 train_model Line 181 [INFO]: Epoch [7/500], Train Loss: 0.1836, Val Loss: 0.1102, Test Loss: 0.1919
2024-12-06 13:07:27,131 train_model Line 181 [INFO]: Epoch [8/500], Train Loss: 0.1825, Val Loss: 0.0992, Test Loss: 0.0896
2024-12-06 13:07:27,437 train_model Line 181 [INFO]: Epoch [9/500], Train Loss: 0.1989, Val Loss: 0.1008, Test Loss: 0.0748
2024-12-06 13:07:27,753 train_model Line 181 [INFO]: Epoch [10/500], Train Loss: 0.1465, Val Loss: 0.0939, Test Loss: 0.0720
2024-12-06 13:07:27,754 train_model Line 193 [INFO]: Save best model
2024-12-06 13:07:28,048 train_model Line 181 [INFO]: Epoch [11/500], Train Loss: 0.1434, Val Loss: 0.0909, Test Loss: 0.0575
2024-12-06 13:07:28,049 train_model Line 193 [INFO]: Save best model
2024-12-06 13:07:28,387 train_model Line 181 [INFO]: Epoch [12/500], Train Loss: 0.1432, Val Loss: 0.0910, Test Loss: 0.0590
2024-12-06 13:07:28,706 train_model Line 181 [INFO]: Epoch [13/500], Train Loss: 0.1422, Val Loss: 0.0908, Test Loss: 0.0602
2024-12-06 13:07:28,707 train_model Line 193 [INFO]: Save best model
2024-12-06 13:07:29,021 train_model Line 181 [INFO]: Epoch [14/500], Train Loss: 0.1441, Val Loss: 0.0915, Test Loss: 0.0642
2024-12-06 13:07:29,360 train_model Line 181 [INFO]: Epoch [15/500], Train Loss: 0.1431, Val Loss: 0.0917, Test Loss: 0.0662
2024-12-06 13:07:29,697 train_model Line 181 [INFO]: Epoch [16/500], Train Loss: 0.1432, Val Loss: 0.0923, Test Loss: 0.0750
2024-12-06 13:07:30,021 train_model Line 181 [INFO]: Epoch [17/500], Train Loss: 0.1436, Val Loss: 0.0920, Test Loss: 0.0661
2024-12-06 13:07:30,363 train_model Line 181 [INFO]: Epoch [18/500], Train Loss: 0.1438, Val Loss: 0.0913, Test Loss: 0.0548
2024-12-06 13:07:30,748 train_model Line 181 [INFO]: Epoch [19/500], Train Loss: 0.1434, Val Loss: 0.0947, Test Loss: 0.0933
2024-12-06 13:07:31,127 train_model Line 181 [INFO]: Epoch [20/500], Train Loss: 0.1445, Val Loss: 0.0904, Test Loss: 0.0601
2024-12-06 13:07:31,128 train_model Line 193 [INFO]: Save best model
2024-12-06 13:07:31,488 train_model Line 181 [INFO]: Epoch [21/500], Train Loss: 0.1448, Val Loss: 0.0931, Test Loss: 0.0876
2024-12-06 13:07:31,829 train_model Line 181 [INFO]: Epoch [22/500], Train Loss: 0.1447, Val Loss: 0.0933, Test Loss: 0.0819
2024-12-06 13:07:32,156 train_model Line 181 [INFO]: Epoch [23/500], Train Loss: 0.1432, Val Loss: 0.0912, Test Loss: 0.0612
2024-12-06 13:07:32,498 train_model Line 181 [INFO]: Epoch [24/500], Train Loss: 0.1443, Val Loss: 0.0919, Test Loss: 0.0581
2024-12-06 13:07:33,179 train_model Line 181 [INFO]: Epoch [25/500], Train Loss: 0.1438, Val Loss: 0.0911, Test Loss: 0.0572
2024-12-06 13:07:33,533 train_model Line 181 [INFO]: Epoch [26/500], Train Loss: 0.1437, Val Loss: 0.0915, Test Loss: 0.0653
2024-12-06 13:07:33,866 train_model Line 181 [INFO]: Epoch [27/500], Train Loss: 0.1438, Val Loss: 0.0921, Test Loss: 0.0726
2024-12-06 13:07:34,161 train_model Line 181 [INFO]: Epoch [28/500], Train Loss: 0.1391, Val Loss: 0.0899, Test Loss: 0.0542
2024-12-06 13:07:34,162 train_model Line 193 [INFO]: Save best model
2024-12-06 13:07:34,588 train_model Line 181 [INFO]: Epoch [29/500], Train Loss: 0.1389, Val Loss: 0.0909, Test Loss: 0.0622
2024-12-06 13:07:34,921 train_model Line 181 [INFO]: Epoch [30/500], Train Loss: 0.1389, Val Loss: 0.0902, Test Loss: 0.0560
2024-12-06 13:07:35,238 train_model Line 181 [INFO]: Epoch [31/500], Train Loss: 0.1387, Val Loss: 0.0903, Test Loss: 0.0560
2024-12-06 13:07:35,546 train_model Line 181 [INFO]: Epoch [32/500], Train Loss: 0.1387, Val Loss: 0.0908, Test Loss: 0.0603
2024-12-06 13:07:35,957 train_model Line 181 [INFO]: Epoch [33/500], Train Loss: 0.1388, Val Loss: 0.0905, Test Loss: 0.0580
2024-12-06 13:07:36,401 train_model Line 181 [INFO]: Epoch [34/500], Train Loss: 0.1388, Val Loss: 0.0909, Test Loss: 0.0620
2024-12-06 13:07:36,845 train_model Line 181 [INFO]: Epoch [35/500], Train Loss: 0.1388, Val Loss: 0.0909, Test Loss: 0.0614
2024-12-06 13:07:37,158 train_model Line 181 [INFO]: Epoch [36/500], Train Loss: 0.1383, Val Loss: 0.0907, Test Loss: 0.0599
2024-12-06 13:07:37,488 train_model Line 181 [INFO]: Epoch [37/500], Train Loss: 0.1383, Val Loss: 0.0904, Test Loss: 0.0577
2024-12-06 13:07:37,800 train_model Line 181 [INFO]: Epoch [38/500], Train Loss: 0.1382, Val Loss: 0.0906, Test Loss: 0.0589
2024-12-06 13:07:38,117 train_model Line 181 [INFO]: Epoch [39/500], Train Loss: 0.1382, Val Loss: 0.0905, Test Loss: 0.0583
2024-12-06 13:07:38,458 train_model Line 181 [INFO]: Epoch [40/500], Train Loss: 0.1383, Val Loss: 0.0905, Test Loss: 0.0582
2024-12-06 13:07:38,806 train_model Line 181 [INFO]: Epoch [41/500], Train Loss: 0.1383, Val Loss: 0.0904, Test Loss: 0.0576
2024-12-06 13:07:39,124 train_model Line 181 [INFO]: Epoch [42/500], Train Loss: 0.1383, Val Loss: 0.0905, Test Loss: 0.0586
2024-12-06 13:07:39,454 train_model Line 181 [INFO]: Epoch [43/500], Train Loss: 0.1381, Val Loss: 0.0905, Test Loss: 0.0584
2024-12-06 13:07:39,766 train_model Line 181 [INFO]: Epoch [44/500], Train Loss: 0.1381, Val Loss: 0.0905, Test Loss: 0.0582
2024-12-06 13:07:40,118 train_model Line 181 [INFO]: Epoch [45/500], Train Loss: 0.1381, Val Loss: 0.0905, Test Loss: 0.0581
2024-12-06 13:07:40,484 train_model Line 181 [INFO]: Epoch [46/500], Train Loss: 0.1379, Val Loss: 0.0905, Test Loss: 0.0581
2024-12-06 13:07:40,806 train_model Line 181 [INFO]: Epoch [47/500], Train Loss: 0.1382, Val Loss: 0.0905, Test Loss: 0.0581
2024-12-06 13:07:41,102 train_model Line 181 [INFO]: Epoch [48/500], Train Loss: 0.1382, Val Loss: 0.0905, Test Loss: 0.0581
2024-12-06 13:07:41,750 train_model Line 181 [INFO]: Epoch [49/500], Train Loss: 0.1382, Val Loss: 0.0905, Test Loss: 0.0580
2024-12-06 13:07:42,351 train_model Line 181 [INFO]: Epoch [50/500], Train Loss: 0.1382, Val Loss: 0.0905, Test Loss: 0.0580
2024-12-06 13:07:42,680 train_model Line 181 [INFO]: Epoch [51/500], Train Loss: 0.1382, Val Loss: 0.0905, Test Loss: 0.0580
2024-12-06 13:07:42,989 train_model Line 181 [INFO]: Epoch [52/500], Train Loss: 0.1382, Val Loss: 0.0904, Test Loss: 0.0580
2024-12-06 13:07:43,334 train_model Line 181 [INFO]: Epoch [53/500], Train Loss: 0.1381, Val Loss: 0.0905, Test Loss: 0.0580
2024-12-06 13:07:43,652 train_model Line 181 [INFO]: Epoch [54/500], Train Loss: 0.1382, Val Loss: 0.0905, Test Loss: 0.0580
2024-12-06 13:07:43,947 train_model Line 181 [INFO]: Epoch [55/500], Train Loss: 0.1383, Val Loss: 0.0905, Test Loss: 0.0580
2024-12-06 13:07:44,275 train_model Line 181 [INFO]: Epoch [56/500], Train Loss: 0.1382, Val Loss: 0.0905, Test Loss: 0.0581
2024-12-06 13:07:44,606 train_model Line 181 [INFO]: Epoch [57/500], Train Loss: 0.1381, Val Loss: 0.0904, Test Loss: 0.0581
2024-12-06 13:07:44,942 train_model Line 181 [INFO]: Epoch [58/500], Train Loss: 0.1382, Val Loss: 0.0904, Test Loss: 0.0581
2024-12-06 13:07:44,944 train_model Line 200 [INFO]: Early stopping triggered.
2024-12-06 13:07:44,945 <module> Line 151 [INFO]: Training DLinear model(Custom Loss)
2024-12-06 13:07:45,283 train_model Line 181 [INFO]: Epoch [1/500], Train Loss: 1.2390, Val Loss: 0.6614, Test Loss: 0.6628
2024-12-06 13:07:45,284 train_model Line 193 [INFO]: Save best model
2024-12-06 13:07:45,588 train_model Line 181 [INFO]: Epoch [2/500], Train Loss: 1.1770, Val Loss: 0.6382, Test Loss: 0.6243
2024-12-06 13:07:45,589 train_model Line 193 [INFO]: Save best model
2024-12-06 13:07:45,890 train_model Line 181 [INFO]: Epoch [3/500], Train Loss: 1.2037, Val Loss: 0.6471, Test Loss: 0.6852
2024-12-06 13:07:46,202 train_model Line 181 [INFO]: Epoch [4/500], Train Loss: 1.2145, Val Loss: 0.6885, Test Loss: 0.8583
2024-12-06 13:07:46,556 train_model Line 181 [INFO]: Epoch [5/500], Train Loss: 1.1573, Val Loss: 0.6899, Test Loss: 0.8104
2024-12-06 13:07:46,868 train_model Line 181 [INFO]: Epoch [6/500], Train Loss: 1.1847, Val Loss: 0.6362, Test Loss: 0.6073
2024-12-06 13:07:46,869 train_model Line 193 [INFO]: Save best model
2024-12-06 13:07:47,163 train_model Line 181 [INFO]: Epoch [7/500], Train Loss: 1.1919, Val Loss: 0.7216, Test Loss: 1.3158
2024-12-06 13:07:47,462 train_model Line 181 [INFO]: Epoch [8/500], Train Loss: 1.1811, Val Loss: 0.6395, Test Loss: 0.5563
2024-12-06 13:07:47,827 train_model Line 181 [INFO]: Epoch [9/500], Train Loss: 1.2873, Val Loss: 0.6520, Test Loss: 0.5021
2024-12-06 13:08:43,463 train_model Line 181 [INFO]: Epoch [10/500], Train Loss: 1.1346, Val Loss: 0.6604, Test Loss: 0.9246
2024-12-06 13:08:44,093 train_model Line 181 [INFO]: Epoch [11/500], Train Loss: 1.3051, Val Loss: 0.7465, Test Loss: 1.1087
2024-12-06 13:08:44,473 train_model Line 181 [INFO]: Epoch [12/500], Train Loss: 1.2191, Val Loss: 0.6356, Test Loss: 0.5660
2024-12-06 13:08:44,474 train_model Line 193 [INFO]: Save best model
2024-12-06 13:08:44,784 train_model Line 181 [INFO]: Epoch [13/500], Train Loss: 1.2071, Val Loss: 0.6553, Test Loss: 0.5758
2024-12-06 13:08:45,045 train_model Line 181 [INFO]: Epoch [14/500], Train Loss: 1.1613, Val Loss: 0.6654, Test Loss: 0.6855
2024-12-06 13:08:45,331 train_model Line 181 [INFO]: Epoch [15/500], Train Loss: 1.2053, Val Loss: 0.6714, Test Loss: 0.9386
2024-12-06 13:08:45,697 train_model Line 181 [INFO]: Epoch [16/500], Train Loss: 1.1445, Val Loss: 0.6850, Test Loss: 0.8321
2024-12-06 13:08:45,963 train_model Line 181 [INFO]: Epoch [17/500], Train Loss: 1.1545, Val Loss: 0.6481, Test Loss: 0.7135
2024-12-06 13:08:46,255 train_model Line 181 [INFO]: Epoch [18/500], Train Loss: 1.2313, Val Loss: 0.6657, Test Loss: 0.7802
2024-12-06 13:08:46,568 train_model Line 181 [INFO]: Epoch [19/500], Train Loss: 1.2374, Val Loss: 0.6585, Test Loss: 0.8114
2024-12-06 13:08:47,221 train_model Line 181 [INFO]: Epoch [20/500], Train Loss: 0.9524, Val Loss: 0.5926, Test Loss: 0.3999
2024-12-06 13:08:47,222 train_model Line 193 [INFO]: Save best model
2024-12-06 13:08:47,551 train_model Line 181 [INFO]: Epoch [21/500], Train Loss: 0.9309, Val Loss: 0.5958, Test Loss: 0.4567
2024-12-06 13:08:47,892 train_model Line 181 [INFO]: Epoch [22/500], Train Loss: 0.9286, Val Loss: 0.6035, Test Loss: 0.4940
2024-12-06 13:08:48,203 train_model Line 181 [INFO]: Epoch [23/500], Train Loss: 0.9310, Val Loss: 0.5898, Test Loss: 0.3802
2024-12-06 13:08:48,204 train_model Line 193 [INFO]: Save best model
2024-12-06 13:08:48,516 train_model Line 181 [INFO]: Epoch [24/500], Train Loss: 0.9335, Val Loss: 0.5931, Test Loss: 0.3744
2024-12-06 13:08:48,878 train_model Line 181 [INFO]: Epoch [25/500], Train Loss: 0.9333, Val Loss: 0.5924, Test Loss: 0.4078
2024-12-06 13:08:49,214 train_model Line 181 [INFO]: Epoch [26/500], Train Loss: 0.9306, Val Loss: 0.5923, Test Loss: 0.4366
2024-12-06 13:08:49,560 train_model Line 181 [INFO]: Epoch [27/500], Train Loss: 0.9336, Val Loss: 0.5951, Test Loss: 0.4572
2024-12-06 13:08:49,881 train_model Line 181 [INFO]: Epoch [28/500], Train Loss: 0.9341, Val Loss: 0.5913, Test Loss: 0.4170
2024-12-06 13:08:50,217 train_model Line 181 [INFO]: Epoch [29/500], Train Loss: 0.9323, Val Loss: 0.6178, Test Loss: 0.5900
2024-12-06 13:08:50,554 train_model Line 181 [INFO]: Epoch [30/500], Train Loss: 0.9337, Val Loss: 0.5993, Test Loss: 0.4313
2024-12-06 13:08:50,886 train_model Line 181 [INFO]: Epoch [31/500], Train Loss: 0.9068, Val Loss: 0.5887, Test Loss: 0.3809
2024-12-06 13:08:50,887 train_model Line 193 [INFO]: Save best model
2024-12-06 13:08:51,195 train_model Line 181 [INFO]: Epoch [32/500], Train Loss: 0.9058, Val Loss: 0.5899, Test Loss: 0.4061
2024-12-06 13:08:51,513 train_model Line 181 [INFO]: Epoch [33/500], Train Loss: 0.9054, Val Loss: 0.5879, Test Loss: 0.3921
2024-12-06 13:08:51,514 train_model Line 193 [INFO]: Save best model
2024-12-06 13:08:51,851 train_model Line 181 [INFO]: Epoch [34/500], Train Loss: 0.9061, Val Loss: 0.5906, Test Loss: 0.4214
2024-12-06 13:08:52,173 train_model Line 181 [INFO]: Epoch [35/500], Train Loss: 0.9058, Val Loss: 0.5895, Test Loss: 0.4092
2024-12-06 13:08:52,496 train_model Line 181 [INFO]: Epoch [36/500], Train Loss: 0.9069, Val Loss: 0.5915, Test Loss: 0.4288
2024-12-06 13:08:52,833 train_model Line 181 [INFO]: Epoch [37/500], Train Loss: 0.9065, Val Loss: 0.5892, Test Loss: 0.4037
2024-12-06 13:08:53,169 train_model Line 181 [INFO]: Epoch [38/500], Train Loss: 0.9059, Val Loss: 0.5883, Test Loss: 0.3956
2024-12-06 13:08:53,500 train_model Line 181 [INFO]: Epoch [39/500], Train Loss: 0.9065, Val Loss: 0.5854, Test Loss: 0.3724
2024-12-06 13:08:53,501 train_model Line 193 [INFO]: Save best model
2024-12-06 13:08:53,837 train_model Line 181 [INFO]: Epoch [40/500], Train Loss: 0.9060, Val Loss: 0.5854, Test Loss: 0.3716
2024-12-06 13:08:53,838 train_model Line 193 [INFO]: Save best model
2024-12-06 13:08:54,164 train_model Line 181 [INFO]: Epoch [41/500], Train Loss: 0.9061, Val Loss: 0.5902, Test Loss: 0.4114
2024-12-06 13:08:54,537 train_model Line 181 [INFO]: Epoch [42/500], Train Loss: 0.9058, Val Loss: 0.5943, Test Loss: 0.4524
2024-12-06 13:08:54,869 train_model Line 181 [INFO]: Epoch [43/500], Train Loss: 0.9054, Val Loss: 0.5865, Test Loss: 0.3896
2024-12-06 13:08:55,213 train_model Line 181 [INFO]: Epoch [44/500], Train Loss: 0.9060, Val Loss: 0.5877, Test Loss: 0.3948
2024-12-06 13:08:55,526 train_model Line 181 [INFO]: Epoch [45/500], Train Loss: 0.9045, Val Loss: 0.5874, Test Loss: 0.3878
2024-12-06 13:08:55,942 train_model Line 181 [INFO]: Epoch [46/500], Train Loss: 0.9048, Val Loss: 0.5895, Test Loss: 0.4172
2024-12-06 13:08:56,263 train_model Line 181 [INFO]: Epoch [47/500], Train Loss: 0.9062, Val Loss: 0.5846, Test Loss: 0.3694
2024-12-06 13:08:56,264 train_model Line 193 [INFO]: Save best model
2024-12-06 13:08:56,594 train_model Line 181 [INFO]: Epoch [48/500], Train Loss: 0.9066, Val Loss: 0.5863, Test Loss: 0.3953
2024-12-06 13:08:56,899 train_model Line 181 [INFO]: Epoch [49/500], Train Loss: 0.9058, Val Loss: 0.5931, Test Loss: 0.4569
2024-12-06 13:08:57,217 train_model Line 181 [INFO]: Epoch [50/500], Train Loss: 0.9071, Val Loss: 0.5906, Test Loss: 0.4264
2024-12-06 13:08:57,549 train_model Line 181 [INFO]: Epoch [51/500], Train Loss: 0.9077, Val Loss: 0.5927, Test Loss: 0.4427
2024-12-06 13:08:57,863 train_model Line 181 [INFO]: Epoch [52/500], Train Loss: 0.9067, Val Loss: 0.5898, Test Loss: 0.4176
2024-12-06 13:08:58,188 train_model Line 181 [INFO]: Epoch [53/500], Train Loss: 0.9054, Val Loss: 0.5868, Test Loss: 0.3886
2024-12-06 13:08:58,514 train_model Line 181 [INFO]: Epoch [54/500], Train Loss: 0.9051, Val Loss: 0.5916, Test Loss: 0.4372
2024-12-06 13:08:58,806 train_model Line 181 [INFO]: Epoch [55/500], Train Loss: 0.9036, Val Loss: 0.5875, Test Loss: 0.3982
2024-12-06 13:08:59,088 train_model Line 181 [INFO]: Epoch [56/500], Train Loss: 0.9025, Val Loss: 0.5865, Test Loss: 0.3883
2024-12-06 13:08:59,373 train_model Line 181 [INFO]: Epoch [57/500], Train Loss: 0.9019, Val Loss: 0.5865, Test Loss: 0.3891
2024-12-06 13:08:59,691 train_model Line 181 [INFO]: Epoch [58/500], Train Loss: 0.9022, Val Loss: 0.5877, Test Loss: 0.4017
2024-12-06 13:08:59,997 train_model Line 181 [INFO]: Epoch [59/500], Train Loss: 0.9015, Val Loss: 0.5884, Test Loss: 0.4041
2024-12-06 13:09:00,357 train_model Line 181 [INFO]: Epoch [60/500], Train Loss: 0.9018, Val Loss: 0.5866, Test Loss: 0.3913
2024-12-06 13:09:00,643 train_model Line 181 [INFO]: Epoch [61/500], Train Loss: 0.9015, Val Loss: 0.5871, Test Loss: 0.3957
2024-12-06 13:09:00,930 train_model Line 181 [INFO]: Epoch [62/500], Train Loss: 0.9020, Val Loss: 0.5875, Test Loss: 0.3951
2024-12-06 13:09:01,217 train_model Line 181 [INFO]: Epoch [63/500], Train Loss: 0.9016, Val Loss: 0.5871, Test Loss: 0.3935
2024-12-06 13:09:01,490 train_model Line 181 [INFO]: Epoch [64/500], Train Loss: 0.9020, Val Loss: 0.5871, Test Loss: 0.3925
2024-12-06 13:09:01,764 train_model Line 181 [INFO]: Epoch [65/500], Train Loss: 0.9018, Val Loss: 0.5868, Test Loss: 0.3925
2024-12-06 13:09:02,038 train_model Line 181 [INFO]: Epoch [66/500], Train Loss: 0.9013, Val Loss: 0.5871, Test Loss: 0.3921
2024-12-06 13:09:02,322 train_model Line 181 [INFO]: Epoch [67/500], Train Loss: 0.9018, Val Loss: 0.5868, Test Loss: 0.3918
2024-12-06 13:09:02,586 train_model Line 181 [INFO]: Epoch [68/500], Train Loss: 0.9015, Val Loss: 0.5868, Test Loss: 0.3914
2024-12-06 13:09:02,873 train_model Line 181 [INFO]: Epoch [69/500], Train Loss: 0.9021, Val Loss: 0.5870, Test Loss: 0.3915
2024-12-06 13:09:03,154 train_model Line 181 [INFO]: Epoch [70/500], Train Loss: 0.9017, Val Loss: 0.5870, Test Loss: 0.3915
2024-12-06 13:09:03,443 train_model Line 181 [INFO]: Epoch [71/500], Train Loss: 0.9023, Val Loss: 0.5871, Test Loss: 0.3914
2024-12-06 13:09:03,736 train_model Line 181 [INFO]: Epoch [72/500], Train Loss: 0.9017, Val Loss: 0.5869, Test Loss: 0.3915
2024-12-06 13:09:04,017 train_model Line 181 [INFO]: Epoch [73/500], Train Loss: 0.9011, Val Loss: 0.5871, Test Loss: 0.3915
2024-12-06 13:09:04,307 train_model Line 181 [INFO]: Epoch [74/500], Train Loss: 0.9021, Val Loss: 0.5872, Test Loss: 0.3915
2024-12-06 13:09:04,630 train_model Line 181 [INFO]: Epoch [75/500], Train Loss: 0.9021, Val Loss: 0.5871, Test Loss: 0.3915
2024-12-06 13:09:04,954 train_model Line 181 [INFO]: Epoch [76/500], Train Loss: 0.9018, Val Loss: 0.5869, Test Loss: 0.3915
2024-12-06 13:09:05,257 train_model Line 181 [INFO]: Epoch [77/500], Train Loss: 0.9010, Val Loss: 0.5869, Test Loss: 0.3915
2024-12-06 13:09:05,258 train_model Line 200 [INFO]: Early stopping triggered.
2024-12-06 13:09:05,260 <module> Line 176 [INFO]: Training DLinear + NLinear model
2024-12-06 13:09:05,535 train_model Line 431 [INFO]: Epoch [1/500], Train Loss: 0.1873, Val Loss: 0.1012, Test Loss: 0.0571
2024-12-06 13:09:05,536 train_model Line 443 [INFO]: Save best model
2024-12-06 13:09:05,888 train_model Line 431 [INFO]: Epoch [2/500], Train Loss: 0.1732, Val Loss: 0.1517, Test Loss: 0.0781
2024-12-06 13:09:06,213 train_model Line 431 [INFO]: Epoch [3/500], Train Loss: 0.1824, Val Loss: 0.1142, Test Loss: 0.0704
2024-12-06 13:09:06,493 train_model Line 431 [INFO]: Epoch [4/500], Train Loss: 0.1753, Val Loss: 0.1038, Test Loss: 0.0618
2024-12-06 13:09:06,766 train_model Line 431 [INFO]: Epoch [5/500], Train Loss: 0.1827, Val Loss: 0.1077, Test Loss: 0.0592
2024-12-06 13:09:07,084 train_model Line 431 [INFO]: Epoch [6/500], Train Loss: 0.1823, Val Loss: 0.1049, Test Loss: 0.0612
2024-12-06 13:09:07,404 train_model Line 431 [INFO]: Epoch [7/500], Train Loss: 0.1729, Val Loss: 0.0984, Test Loss: 0.0631
2024-12-06 13:09:07,405 train_model Line 443 [INFO]: Save best model
2024-12-06 13:09:07,684 train_model Line 431 [INFO]: Epoch [8/500], Train Loss: 0.1741, Val Loss: 0.1090, Test Loss: 0.0652
2024-12-06 13:09:08,031 train_model Line 431 [INFO]: Epoch [9/500], Train Loss: 0.1792, Val Loss: 0.1071, Test Loss: 0.0597
2024-12-06 13:09:08,354 train_model Line 431 [INFO]: Epoch [10/500], Train Loss: 0.1774, Val Loss: 0.1098, Test Loss: 0.0592
2024-12-06 13:09:08,631 train_model Line 431 [INFO]: Epoch [11/500], Train Loss: 0.1776, Val Loss: 0.1073, Test Loss: 0.0588
2024-12-06 13:09:08,914 train_model Line 431 [INFO]: Epoch [12/500], Train Loss: 0.1754, Val Loss: 0.1048, Test Loss: 0.0566
2024-12-06 13:09:09,191 train_model Line 431 [INFO]: Epoch [13/500], Train Loss: 0.1714, Val Loss: 0.1002, Test Loss: 0.0591
2024-12-06 13:09:09,494 train_model Line 431 [INFO]: Epoch [14/500], Train Loss: 0.1796, Val Loss: 0.1026, Test Loss: 0.0599
2024-12-06 13:09:09,845 train_model Line 431 [INFO]: Epoch [15/500], Train Loss: 0.1473, Val Loss: 0.0923, Test Loss: 0.0548
2024-12-06 13:09:09,846 train_model Line 443 [INFO]: Save best model
2024-12-06 13:09:10,217 train_model Line 431 [INFO]: Epoch [16/500], Train Loss: 0.1447, Val Loss: 0.0923, Test Loss: 0.0541
2024-12-06 13:09:10,218 train_model Line 443 [INFO]: Save best model
2024-12-06 13:09:10,714 train_model Line 431 [INFO]: Epoch [17/500], Train Loss: 0.1443, Val Loss: 0.0929, Test Loss: 0.0572
2024-12-06 13:09:10,993 train_model Line 431 [INFO]: Epoch [18/500], Train Loss: 0.1443, Val Loss: 0.0924, Test Loss: 0.0533
2024-12-06 13:09:11,296 train_model Line 431 [INFO]: Epoch [19/500], Train Loss: 0.1446, Val Loss: 0.0905, Test Loss: 0.0550
2024-12-06 13:09:11,297 train_model Line 443 [INFO]: Save best model
2024-12-06 13:09:11,699 train_model Line 431 [INFO]: Epoch [20/500], Train Loss: 0.1445, Val Loss: 0.0915, Test Loss: 0.0550
2024-12-06 13:09:11,988 train_model Line 431 [INFO]: Epoch [21/500], Train Loss: 0.1447, Val Loss: 0.0907, Test Loss: 0.0547
2024-12-06 13:09:12,268 train_model Line 431 [INFO]: Epoch [22/500], Train Loss: 0.1451, Val Loss: 0.0915, Test Loss: 0.0542
2024-12-06 13:09:12,547 train_model Line 431 [INFO]: Epoch [23/500], Train Loss: 0.1445, Val Loss: 0.0910, Test Loss: 0.0542
2024-12-06 13:09:12,835 train_model Line 431 [INFO]: Epoch [24/500], Train Loss: 0.1450, Val Loss: 0.0933, Test Loss: 0.0544
2024-12-06 13:09:13,112 train_model Line 431 [INFO]: Epoch [25/500], Train Loss: 0.1457, Val Loss: 0.0913, Test Loss: 0.0563
2024-12-06 13:09:13,384 train_model Line 431 [INFO]: Epoch [26/500], Train Loss: 0.1446, Val Loss: 0.0908, Test Loss: 0.0529
2024-12-06 13:09:13,660 train_model Line 431 [INFO]: Epoch [27/500], Train Loss: 0.1416, Val Loss: 0.0902, Test Loss: 0.0535
2024-12-06 13:09:13,661 train_model Line 443 [INFO]: Save best model
2024-12-06 13:09:13,947 train_model Line 431 [INFO]: Epoch [28/500], Train Loss: 0.1414, Val Loss: 0.0901, Test Loss: 0.0533
2024-12-06 13:09:13,948 train_model Line 443 [INFO]: Save best model
2024-12-06 13:09:14,233 train_model Line 431 [INFO]: Epoch [29/500], Train Loss: 0.1415, Val Loss: 0.0901, Test Loss: 0.0531
2024-12-06 13:09:14,528 train_model Line 431 [INFO]: Epoch [30/500], Train Loss: 0.1414, Val Loss: 0.0900, Test Loss: 0.0534
2024-12-06 13:09:14,530 train_model Line 443 [INFO]: Save best model
2024-12-06 13:09:14,805 train_model Line 431 [INFO]: Epoch [31/500], Train Loss: 0.1414, Val Loss: 0.0900, Test Loss: 0.0531
2024-12-06 13:09:15,075 train_model Line 431 [INFO]: Epoch [32/500], Train Loss: 0.1413, Val Loss: 0.0900, Test Loss: 0.0534
2024-12-06 13:09:15,358 train_model Line 431 [INFO]: Epoch [33/500], Train Loss: 0.1414, Val Loss: 0.0903, Test Loss: 0.0526
2024-12-06 13:09:15,650 train_model Line 431 [INFO]: Epoch [34/500], Train Loss: 0.1415, Val Loss: 0.0899, Test Loss: 0.0529
2024-12-06 13:09:15,651 train_model Line 443 [INFO]: Save best model
2024-12-06 13:09:15,939 train_model Line 431 [INFO]: Epoch [35/500], Train Loss: 0.1415, Val Loss: 0.0901, Test Loss: 0.0530
2024-12-06 13:09:16,229 train_model Line 431 [INFO]: Epoch [36/500], Train Loss: 0.1414, Val Loss: 0.0902, Test Loss: 0.0532
2024-12-06 13:09:16,496 train_model Line 431 [INFO]: Epoch [37/500], Train Loss: 0.1411, Val Loss: 0.0902, Test Loss: 0.0532
2024-12-06 13:09:16,760 train_model Line 431 [INFO]: Epoch [38/500], Train Loss: 0.1414, Val Loss: 0.0900, Test Loss: 0.0528
2024-12-06 13:09:17,077 train_model Line 431 [INFO]: Epoch [39/500], Train Loss: 0.1412, Val Loss: 0.0899, Test Loss: 0.0529
2024-12-06 13:09:17,079 train_model Line 443 [INFO]: Save best model
2024-12-06 13:09:17,433 train_model Line 431 [INFO]: Epoch [40/500], Train Loss: 0.1414, Val Loss: 0.0900, Test Loss: 0.0536
2024-12-06 13:09:17,709 train_model Line 431 [INFO]: Epoch [41/500], Train Loss: 0.1414, Val Loss: 0.0902, Test Loss: 0.0525
2024-12-06 13:09:17,990 train_model Line 431 [INFO]: Epoch [42/500], Train Loss: 0.1416, Val Loss: 0.0899, Test Loss: 0.0530
2024-12-06 13:09:18,256 train_model Line 431 [INFO]: Epoch [43/500], Train Loss: 0.1414, Val Loss: 0.0901, Test Loss: 0.0537
2024-12-06 13:09:18,543 train_model Line 431 [INFO]: Epoch [44/500], Train Loss: 0.1414, Val Loss: 0.0899, Test Loss: 0.0525
2024-12-06 13:09:18,544 train_model Line 443 [INFO]: Save best model
2024-12-06 13:09:18,822 train_model Line 431 [INFO]: Epoch [45/500], Train Loss: 0.1414, Val Loss: 0.0901, Test Loss: 0.0539
2024-12-06 13:09:19,110 train_model Line 431 [INFO]: Epoch [46/500], Train Loss: 0.1413, Val Loss: 0.0897, Test Loss: 0.0527
2024-12-06 13:09:19,111 train_model Line 443 [INFO]: Save best model
2024-12-06 13:09:19,385 train_model Line 431 [INFO]: Epoch [47/500], Train Loss: 0.1414, Val Loss: 0.0900, Test Loss: 0.0534
2024-12-06 13:09:19,724 train_model Line 431 [INFO]: Epoch [48/500], Train Loss: 0.1414, Val Loss: 0.0900, Test Loss: 0.0534
2024-12-06 13:09:20,051 train_model Line 431 [INFO]: Epoch [49/500], Train Loss: 0.1414, Val Loss: 0.0898, Test Loss: 0.0530
2024-12-06 13:09:20,397 train_model Line 431 [INFO]: Epoch [50/500], Train Loss: 0.1415, Val Loss: 0.0899, Test Loss: 0.0532
2024-12-06 13:09:20,731 train_model Line 431 [INFO]: Epoch [51/500], Train Loss: 0.1412, Val Loss: 0.0901, Test Loss: 0.0534
2024-12-06 13:09:21,014 train_model Line 431 [INFO]: Epoch [52/500], Train Loss: 0.1414, Val Loss: 0.0898, Test Loss: 0.0529
2024-12-06 13:09:21,286 train_model Line 431 [INFO]: Epoch [53/500], Train Loss: 0.1414, Val Loss: 0.0901, Test Loss: 0.0524
2024-12-06 13:09:21,557 train_model Line 431 [INFO]: Epoch [54/500], Train Loss: 0.1410, Val Loss: 0.0899, Test Loss: 0.0530
2024-12-06 13:09:21,819 train_model Line 431 [INFO]: Epoch [55/500], Train Loss: 0.1410, Val Loss: 0.0900, Test Loss: 0.0529
2024-12-06 13:09:22,104 train_model Line 431 [INFO]: Epoch [56/500], Train Loss: 0.1409, Val Loss: 0.0900, Test Loss: 0.0531
2024-12-06 13:09:22,383 train_model Line 431 [INFO]: Epoch [57/500], Train Loss: 0.1409, Val Loss: 0.0900, Test Loss: 0.0530
2024-12-06 13:09:22,711 train_model Line 431 [INFO]: Epoch [58/500], Train Loss: 0.1410, Val Loss: 0.0899, Test Loss: 0.0531
2024-12-06 13:09:23,040 train_model Line 431 [INFO]: Epoch [59/500], Train Loss: 0.1410, Val Loss: 0.0899, Test Loss: 0.0531
2024-12-06 13:09:23,319 train_model Line 431 [INFO]: Epoch [60/500], Train Loss: 0.1407, Val Loss: 0.0899, Test Loss: 0.0530
2024-12-06 13:09:23,601 train_model Line 431 [INFO]: Epoch [61/500], Train Loss: 0.1409, Val Loss: 0.0899, Test Loss: 0.0530
2024-12-06 13:09:23,883 train_model Line 431 [INFO]: Epoch [62/500], Train Loss: 0.1408, Val Loss: 0.0899, Test Loss: 0.0530
2024-12-06 13:09:24,167 train_model Line 431 [INFO]: Epoch [63/500], Train Loss: 0.1410, Val Loss: 0.0899, Test Loss: 0.0530
2024-12-06 13:09:24,447 train_model Line 431 [INFO]: Epoch [64/500], Train Loss: 0.1409, Val Loss: 0.0899, Test Loss: 0.0530
2024-12-06 13:09:24,745 train_model Line 431 [INFO]: Epoch [65/500], Train Loss: 0.1409, Val Loss: 0.0899, Test Loss: 0.0530
2024-12-06 13:09:25,012 train_model Line 431 [INFO]: Epoch [66/500], Train Loss: 0.1406, Val Loss: 0.0899, Test Loss: 0.0530
2024-12-06 13:09:25,308 train_model Line 431 [INFO]: Epoch [67/500], Train Loss: 0.1408, Val Loss: 0.0899, Test Loss: 0.0530
2024-12-06 13:09:25,572 train_model Line 431 [INFO]: Epoch [68/500], Train Loss: 0.1409, Val Loss: 0.0899, Test Loss: 0.0531
2024-12-06 13:09:25,845 train_model Line 431 [INFO]: Epoch [69/500], Train Loss: 0.1406, Val Loss: 0.0899, Test Loss: 0.0531
2024-12-06 13:09:26,157 train_model Line 431 [INFO]: Epoch [70/500], Train Loss: 0.1407, Val Loss: 0.0899, Test Loss: 0.0531
2024-12-06 13:09:26,491 train_model Line 431 [INFO]: Epoch [71/500], Train Loss: 0.1408, Val Loss: 0.0899, Test Loss: 0.0531
2024-12-06 13:09:26,804 train_model Line 431 [INFO]: Epoch [72/500], Train Loss: 0.1408, Val Loss: 0.0899, Test Loss: 0.0531
2024-12-06 13:09:27,128 train_model Line 431 [INFO]: Epoch [73/500], Train Loss: 0.1409, Val Loss: 0.0899, Test Loss: 0.0531
2024-12-06 13:09:27,415 train_model Line 431 [INFO]: Epoch [74/500], Train Loss: 0.1409, Val Loss: 0.0898, Test Loss: 0.0531
2024-12-06 13:09:27,692 train_model Line 431 [INFO]: Epoch [75/500], Train Loss: 0.1409, Val Loss: 0.0899, Test Loss: 0.0531
2024-12-06 13:09:27,975 train_model Line 431 [INFO]: Epoch [76/500], Train Loss: 0.1408, Val Loss: 0.0899, Test Loss: 0.0531
2024-12-06 13:09:27,977 train_model Line 450 [INFO]: Early stopping triggered.
2024-12-06 13:09:27,978 <module> Line 201 [INFO]: Training DLinear + NLinear model(Custom Loss)
2024-12-06 13:09:28,343 train_model Line 431 [INFO]: Epoch [1/500], Train Loss: 1.1996, Val Loss: 0.6532, Test Loss: 0.3741
2024-12-06 13:09:28,345 train_model Line 443 [INFO]: Save best model
2024-12-06 13:09:28,638 train_model Line 431 [INFO]: Epoch [2/500], Train Loss: 1.1222, Val Loss: 0.9462, Test Loss: 0.4920
2024-12-06 13:09:28,929 train_model Line 431 [INFO]: Epoch [3/500], Train Loss: 1.1893, Val Loss: 0.7439, Test Loss: 0.4689
2024-12-06 13:09:29,221 train_model Line 431 [INFO]: Epoch [4/500], Train Loss: 1.1397, Val Loss: 0.6584, Test Loss: 0.4000
2024-12-06 13:09:29,547 train_model Line 431 [INFO]: Epoch [5/500], Train Loss: 1.1879, Val Loss: 0.6890, Test Loss: 0.3798
2024-12-06 13:09:29,825 train_model Line 431 [INFO]: Epoch [6/500], Train Loss: 1.1807, Val Loss: 0.6800, Test Loss: 0.3987
2024-12-06 13:09:30,113 train_model Line 431 [INFO]: Epoch [7/500], Train Loss: 1.1152, Val Loss: 0.6293, Test Loss: 0.4093
2024-12-06 13:09:30,114 train_model Line 443 [INFO]: Save best model
2024-12-06 13:09:30,404 train_model Line 431 [INFO]: Epoch [8/500], Train Loss: 1.1222, Val Loss: 0.6931, Test Loss: 0.4238
2024-12-06 13:09:30,685 train_model Line 431 [INFO]: Epoch [9/500], Train Loss: 1.1654, Val Loss: 0.6756, Test Loss: 0.3830
2024-12-06 13:09:30,980 train_model Line 431 [INFO]: Epoch [10/500], Train Loss: 1.1554, Val Loss: 0.7000, Test Loss: 0.3854
2024-12-06 13:10:23,910 train_model Line 431 [INFO]: Epoch [11/500], Train Loss: 1.1377, Val Loss: 0.6796, Test Loss: 0.3794
2024-12-06 13:10:24,274 train_model Line 431 [INFO]: Epoch [12/500], Train Loss: 1.1355, Val Loss: 0.6701, Test Loss: 0.3721
2024-12-06 13:10:24,972 train_model Line 431 [INFO]: Epoch [13/500], Train Loss: 1.1106, Val Loss: 0.6439, Test Loss: 0.3892
2024-12-06 13:10:25,300 train_model Line 431 [INFO]: Epoch [14/500], Train Loss: 1.1832, Val Loss: 0.6657, Test Loss: 0.3999
2024-12-06 13:10:25,635 train_model Line 431 [INFO]: Epoch [15/500], Train Loss: 0.9619, Val Loss: 0.5983, Test Loss: 0.3666
2024-12-06 13:10:25,636 train_model Line 443 [INFO]: Save best model
2024-12-06 13:10:25,909 train_model Line 431 [INFO]: Epoch [16/500], Train Loss: 0.9459, Val Loss: 0.5995, Test Loss: 0.3583
2024-12-06 13:10:26,267 train_model Line 431 [INFO]: Epoch [17/500], Train Loss: 0.9434, Val Loss: 0.6026, Test Loss: 0.3808
2024-12-06 13:10:26,591 train_model Line 431 [INFO]: Epoch [18/500], Train Loss: 0.9428, Val Loss: 0.5963, Test Loss: 0.3538
2024-12-06 13:10:26,593 train_model Line 443 [INFO]: Save best model
2024-12-06 13:10:26,875 train_model Line 431 [INFO]: Epoch [19/500], Train Loss: 0.9457, Val Loss: 0.5865, Test Loss: 0.3649
2024-12-06 13:10:26,876 train_model Line 443 [INFO]: Save best model
2024-12-06 13:10:27,160 train_model Line 431 [INFO]: Epoch [20/500], Train Loss: 0.9446, Val Loss: 0.5921, Test Loss: 0.3669
2024-12-06 13:10:27,455 train_model Line 431 [INFO]: Epoch [21/500], Train Loss: 0.9458, Val Loss: 0.5886, Test Loss: 0.3645
2024-12-06 13:10:27,739 train_model Line 431 [INFO]: Epoch [22/500], Train Loss: 0.9482, Val Loss: 0.5939, Test Loss: 0.3607
2024-12-06 13:10:28,035 train_model Line 431 [INFO]: Epoch [23/500], Train Loss: 0.9453, Val Loss: 0.5897, Test Loss: 0.3621
2024-12-06 13:10:28,323 train_model Line 431 [INFO]: Epoch [24/500], Train Loss: 0.9464, Val Loss: 0.6043, Test Loss: 0.3573
2024-12-06 13:10:28,612 train_model Line 431 [INFO]: Epoch [25/500], Train Loss: 0.9510, Val Loss: 0.5923, Test Loss: 0.3760
2024-12-06 13:10:28,902 train_model Line 431 [INFO]: Epoch [26/500], Train Loss: 0.9449, Val Loss: 0.5882, Test Loss: 0.3486
2024-12-06 13:10:29,198 train_model Line 431 [INFO]: Epoch [27/500], Train Loss: 0.9271, Val Loss: 0.5848, Test Loss: 0.3563
2024-12-06 13:10:29,199 train_model Line 443 [INFO]: Save best model
2024-12-06 13:10:29,483 train_model Line 431 [INFO]: Epoch [28/500], Train Loss: 0.9256, Val Loss: 0.5843, Test Loss: 0.3552
2024-12-06 13:10:29,484 train_model Line 443 [INFO]: Save best model
2024-12-06 13:10:29,778 train_model Line 431 [INFO]: Epoch [29/500], Train Loss: 0.9261, Val Loss: 0.5846, Test Loss: 0.3536
2024-12-06 13:10:30,104 train_model Line 431 [INFO]: Epoch [30/500], Train Loss: 0.9252, Val Loss: 0.5838, Test Loss: 0.3556
2024-12-06 13:10:30,106 train_model Line 443 [INFO]: Save best model
2024-12-06 13:10:30,417 train_model Line 431 [INFO]: Epoch [31/500], Train Loss: 0.9253, Val Loss: 0.5839, Test Loss: 0.3529
2024-12-06 13:10:30,711 train_model Line 431 [INFO]: Epoch [32/500], Train Loss: 0.9247, Val Loss: 0.5838, Test Loss: 0.3549
2024-12-06 13:10:31,002 train_model Line 431 [INFO]: Epoch [33/500], Train Loss: 0.9257, Val Loss: 0.5851, Test Loss: 0.3496
2024-12-06 13:10:31,297 train_model Line 431 [INFO]: Epoch [34/500], Train Loss: 0.9261, Val Loss: 0.5832, Test Loss: 0.3520
2024-12-06 13:10:31,298 train_model Line 443 [INFO]: Save best model
2024-12-06 13:10:31,581 train_model Line 431 [INFO]: Epoch [35/500], Train Loss: 0.9257, Val Loss: 0.5843, Test Loss: 0.3522
2024-12-06 13:10:31,945 train_model Line 431 [INFO]: Epoch [36/500], Train Loss: 0.9252, Val Loss: 0.5840, Test Loss: 0.3526
2024-12-06 13:10:32,283 train_model Line 431 [INFO]: Epoch [37/500], Train Loss: 0.9237, Val Loss: 0.5853, Test Loss: 0.3533
2024-12-06 13:10:32,586 train_model Line 431 [INFO]: Epoch [38/500], Train Loss: 0.9250, Val Loss: 0.5839, Test Loss: 0.3507
2024-12-06 13:10:32,879 train_model Line 431 [INFO]: Epoch [39/500], Train Loss: 0.9242, Val Loss: 0.5832, Test Loss: 0.3506
2024-12-06 13:10:32,880 train_model Line 443 [INFO]: Save best model
2024-12-06 13:10:33,180 train_model Line 431 [INFO]: Epoch [40/500], Train Loss: 0.9253, Val Loss: 0.5843, Test Loss: 0.3567
2024-12-06 13:10:33,470 train_model Line 431 [INFO]: Epoch [41/500], Train Loss: 0.9255, Val Loss: 0.5845, Test Loss: 0.3488
2024-12-06 13:10:33,774 train_model Line 431 [INFO]: Epoch [42/500], Train Loss: 0.9234, Val Loss: 0.5836, Test Loss: 0.3523
2024-12-06 13:10:34,062 train_model Line 431 [INFO]: Epoch [43/500], Train Loss: 0.9231, Val Loss: 0.5836, Test Loss: 0.3535
2024-12-06 13:10:34,351 train_model Line 431 [INFO]: Epoch [44/500], Train Loss: 0.9229, Val Loss: 0.5834, Test Loss: 0.3534
2024-12-06 13:10:34,643 train_model Line 431 [INFO]: Epoch [45/500], Train Loss: 0.9230, Val Loss: 0.5835, Test Loss: 0.3543
2024-12-06 13:10:34,951 train_model Line 431 [INFO]: Epoch [46/500], Train Loss: 0.9226, Val Loss: 0.5831, Test Loss: 0.3530
2024-12-06 13:10:34,953 train_model Line 443 [INFO]: Save best model
2024-12-06 13:10:35,253 train_model Line 431 [INFO]: Epoch [47/500], Train Loss: 0.9225, Val Loss: 0.5832, Test Loss: 0.3540
2024-12-06 13:10:35,536 train_model Line 431 [INFO]: Epoch [48/500], Train Loss: 0.9227, Val Loss: 0.5830, Test Loss: 0.3530
2024-12-06 13:10:35,537 train_model Line 443 [INFO]: Save best model
2024-12-06 13:10:35,827 train_model Line 431 [INFO]: Epoch [49/500], Train Loss: 0.9225, Val Loss: 0.5831, Test Loss: 0.3537
2024-12-06 13:10:36,126 train_model Line 431 [INFO]: Epoch [50/500], Train Loss: 0.9230, Val Loss: 0.5826, Test Loss: 0.3530
2024-12-06 13:10:36,127 train_model Line 443 [INFO]: Save best model
2024-12-06 13:10:36,409 train_model Line 431 [INFO]: Epoch [51/500], Train Loss: 0.9213, Val Loss: 0.5828, Test Loss: 0.3532
2024-12-06 13:10:36,698 train_model Line 431 [INFO]: Epoch [52/500], Train Loss: 0.9223, Val Loss: 0.5829, Test Loss: 0.3530
2024-12-06 13:10:36,982 train_model Line 431 [INFO]: Epoch [53/500], Train Loss: 0.9225, Val Loss: 0.5829, Test Loss: 0.3528
2024-12-06 13:10:37,315 train_model Line 431 [INFO]: Epoch [54/500], Train Loss: 0.9226, Val Loss: 0.5826, Test Loss: 0.3536
2024-12-06 13:10:37,678 train_model Line 431 [INFO]: Epoch [55/500], Train Loss: 0.9227, Val Loss: 0.5829, Test Loss: 0.3527
2024-12-06 13:10:38,022 train_model Line 431 [INFO]: Epoch [56/500], Train Loss: 0.9222, Val Loss: 0.5831, Test Loss: 0.3535
2024-12-06 13:10:38,354 train_model Line 431 [INFO]: Epoch [57/500], Train Loss: 0.9222, Val Loss: 0.5830, Test Loss: 0.3530
2024-12-06 13:10:38,697 train_model Line 431 [INFO]: Epoch [58/500], Train Loss: 0.9226, Val Loss: 0.5829, Test Loss: 0.3531
2024-12-06 13:10:39,031 train_model Line 431 [INFO]: Epoch [59/500], Train Loss: 0.9224, Val Loss: 0.5830, Test Loss: 0.3531
2024-12-06 13:10:39,325 train_model Line 431 [INFO]: Epoch [60/500], Train Loss: 0.9207, Val Loss: 0.5827, Test Loss: 0.3531
2024-12-06 13:10:39,606 train_model Line 431 [INFO]: Epoch [61/500], Train Loss: 0.9218, Val Loss: 0.5830, Test Loss: 0.3531
2024-12-06 13:10:39,918 train_model Line 431 [INFO]: Epoch [62/500], Train Loss: 0.9217, Val Loss: 0.5830, Test Loss: 0.3532
2024-12-06 13:10:40,207 train_model Line 431 [INFO]: Epoch [63/500], Train Loss: 0.9228, Val Loss: 0.5829, Test Loss: 0.3531
2024-12-06 13:10:40,498 train_model Line 431 [INFO]: Epoch [64/500], Train Loss: 0.9225, Val Loss: 0.5829, Test Loss: 0.3531
2024-12-06 13:10:40,782 train_model Line 431 [INFO]: Epoch [65/500], Train Loss: 0.9222, Val Loss: 0.5830, Test Loss: 0.3531
2024-12-06 13:10:41,068 train_model Line 431 [INFO]: Epoch [66/500], Train Loss: 0.9202, Val Loss: 0.5830, Test Loss: 0.3531
2024-12-06 13:10:41,363 train_model Line 431 [INFO]: Epoch [67/500], Train Loss: 0.9217, Val Loss: 0.5829, Test Loss: 0.3531
2024-12-06 13:10:41,649 train_model Line 431 [INFO]: Epoch [68/500], Train Loss: 0.9222, Val Loss: 0.5830, Test Loss: 0.3531
2024-12-06 13:10:41,940 train_model Line 431 [INFO]: Epoch [69/500], Train Loss: 0.9199, Val Loss: 0.5829, Test Loss: 0.3531
2024-12-06 13:10:42,222 train_model Line 431 [INFO]: Epoch [70/500], Train Loss: 0.9216, Val Loss: 0.5829, Test Loss: 0.3531
2024-12-06 13:10:42,522 train_model Line 431 [INFO]: Epoch [71/500], Train Loss: 0.9214, Val Loss: 0.5828, Test Loss: 0.3531
2024-12-06 13:10:42,825 train_model Line 431 [INFO]: Epoch [72/500], Train Loss: 0.9215, Val Loss: 0.5829, Test Loss: 0.3531
2024-12-06 13:10:43,302 train_model Line 431 [INFO]: Epoch [73/500], Train Loss: 0.9225, Val Loss: 0.5830, Test Loss: 0.3531
2024-12-06 13:10:43,623 train_model Line 431 [INFO]: Epoch [74/500], Train Loss: 0.9224, Val Loss: 0.5825, Test Loss: 0.3531
2024-12-06 13:10:43,625 train_model Line 443 [INFO]: Save best model
2024-12-06 13:10:43,920 train_model Line 431 [INFO]: Epoch [75/500], Train Loss: 0.9223, Val Loss: 0.5830, Test Loss: 0.3531
2024-12-06 13:10:44,220 train_model Line 431 [INFO]: Epoch [76/500], Train Loss: 0.9221, Val Loss: 0.5826, Test Loss: 0.3531
2024-12-06 13:10:44,520 train_model Line 431 [INFO]: Epoch [77/500], Train Loss: 0.9221, Val Loss: 0.5829, Test Loss: 0.3531
2024-12-06 13:10:44,796 train_model Line 431 [INFO]: Epoch [78/500], Train Loss: 0.9209, Val Loss: 0.5829, Test Loss: 0.3531
2024-12-06 13:10:45,102 train_model Line 431 [INFO]: Epoch [79/500], Train Loss: 0.9219, Val Loss: 0.5828, Test Loss: 0.3531
2024-12-06 13:10:45,405 train_model Line 431 [INFO]: Epoch [80/500], Train Loss: 0.9220, Val Loss: 0.5825, Test Loss: 0.3531
2024-12-06 13:10:45,729 train_model Line 431 [INFO]: Epoch [81/500], Train Loss: 0.9216, Val Loss: 0.5827, Test Loss: 0.3531
2024-12-06 13:10:46,031 train_model Line 431 [INFO]: Epoch [82/500], Train Loss: 0.9218, Val Loss: 0.5829, Test Loss: 0.3531
2024-12-06 13:10:46,328 train_model Line 431 [INFO]: Epoch [83/500], Train Loss: 0.9210, Val Loss: 0.5830, Test Loss: 0.3531
2024-12-06 13:10:46,613 train_model Line 431 [INFO]: Epoch [84/500], Train Loss: 0.9215, Val Loss: 0.5829, Test Loss: 0.3531
2024-12-06 13:10:46,915 train_model Line 431 [INFO]: Epoch [85/500], Train Loss: 0.9222, Val Loss: 0.5829, Test Loss: 0.3531
2024-12-06 13:10:47,189 train_model Line 431 [INFO]: Epoch [86/500], Train Loss: 0.9218, Val Loss: 0.5829, Test Loss: 0.3531
2024-12-06 13:10:47,462 train_model Line 431 [INFO]: Epoch [87/500], Train Loss: 0.9210, Val Loss: 0.5830, Test Loss: 0.3531
2024-12-06 13:10:47,769 train_model Line 431 [INFO]: Epoch [88/500], Train Loss: 0.9225, Val Loss: 0.5830, Test Loss: 0.3531
2024-12-06 13:10:48,080 train_model Line 431 [INFO]: Epoch [89/500], Train Loss: 0.9227, Val Loss: 0.5829, Test Loss: 0.3531
2024-12-06 13:10:48,377 train_model Line 431 [INFO]: Epoch [90/500], Train Loss: 0.9226, Val Loss: 0.5829, Test Loss: 0.3531
2024-12-06 13:10:48,730 train_model Line 431 [INFO]: Epoch [91/500], Train Loss: 0.9221, Val Loss: 0.5824, Test Loss: 0.3531
2024-12-06 13:10:48,732 train_model Line 443 [INFO]: Save best model
2024-12-06 13:10:49,047 train_model Line 431 [INFO]: Epoch [92/500], Train Loss: 0.9224, Val Loss: 0.5829, Test Loss: 0.3531
2024-12-06 13:10:49,335 train_model Line 431 [INFO]: Epoch [93/500], Train Loss: 0.9225, Val Loss: 0.5830, Test Loss: 0.3531
2024-12-06 13:10:49,618 train_model Line 431 [INFO]: Epoch [94/500], Train Loss: 0.9221, Val Loss: 0.5829, Test Loss: 0.3532
2024-12-06 13:10:49,925 train_model Line 431 [INFO]: Epoch [95/500], Train Loss: 0.9219, Val Loss: 0.5830, Test Loss: 0.3531
2024-12-06 13:10:50,201 train_model Line 431 [INFO]: Epoch [96/500], Train Loss: 0.9225, Val Loss: 0.5830, Test Loss: 0.3532
2024-12-06 13:10:50,479 train_model Line 431 [INFO]: Epoch [97/500], Train Loss: 0.9224, Val Loss: 0.5828, Test Loss: 0.3531
2024-12-06 13:10:50,757 train_model Line 431 [INFO]: Epoch [98/500], Train Loss: 0.9218, Val Loss: 0.5829, Test Loss: 0.3531
2024-12-06 13:10:51,041 train_model Line 431 [INFO]: Epoch [99/500], Train Loss: 0.9213, Val Loss: 0.5830, Test Loss: 0.3531
2024-12-06 13:10:51,316 train_model Line 431 [INFO]: Epoch [100/500], Train Loss: 0.9224, Val Loss: 0.5829, Test Loss: 0.3532
2024-12-06 13:10:51,618 train_model Line 431 [INFO]: Epoch [101/500], Train Loss: 0.9225, Val Loss: 0.5830, Test Loss: 0.3532
2024-12-06 13:10:51,901 train_model Line 431 [INFO]: Epoch [102/500], Train Loss: 0.9218, Val Loss: 0.5830, Test Loss: 0.3532
2024-12-06 13:10:52,192 train_model Line 431 [INFO]: Epoch [103/500], Train Loss: 0.9214, Val Loss: 0.5826, Test Loss: 0.3532
2024-12-06 13:10:52,493 train_model Line 431 [INFO]: Epoch [104/500], Train Loss: 0.9225, Val Loss: 0.5826, Test Loss: 0.3532
2024-12-06 13:10:52,775 train_model Line 431 [INFO]: Epoch [105/500], Train Loss: 0.9217, Val Loss: 0.5827, Test Loss: 0.3532
2024-12-06 13:10:53,053 train_model Line 431 [INFO]: Epoch [106/500], Train Loss: 0.9216, Val Loss: 0.5830, Test Loss: 0.3532
2024-12-06 13:10:53,338 train_model Line 431 [INFO]: Epoch [107/500], Train Loss: 0.9219, Val Loss: 0.5829, Test Loss: 0.3532
2024-12-06 13:10:53,664 train_model Line 431 [INFO]: Epoch [108/500], Train Loss: 0.9222, Val Loss: 0.5826, Test Loss: 0.3532
2024-12-06 13:10:53,944 train_model Line 431 [INFO]: Epoch [109/500], Train Loss: 0.9218, Val Loss: 0.5830, Test Loss: 0.3532
2024-12-06 13:10:54,295 train_model Line 431 [INFO]: Epoch [110/500], Train Loss: 0.9208, Val Loss: 0.5830, Test Loss: 0.3532
2024-12-06 13:10:54,645 train_model Line 431 [INFO]: Epoch [111/500], Train Loss: 0.9224, Val Loss: 0.5829, Test Loss: 0.3532
2024-12-06 13:10:55,118 train_model Line 431 [INFO]: Epoch [112/500], Train Loss: 0.9207, Val Loss: 0.5826, Test Loss: 0.3532
2024-12-06 13:10:55,493 train_model Line 431 [INFO]: Epoch [113/500], Train Loss: 0.9227, Val Loss: 0.5829, Test Loss: 0.3532
2024-12-06 13:10:55,801 train_model Line 431 [INFO]: Epoch [114/500], Train Loss: 0.9208, Val Loss: 0.5829, Test Loss: 0.3532
2024-12-06 13:10:56,098 train_model Line 431 [INFO]: Epoch [115/500], Train Loss: 0.9224, Val Loss: 0.5830, Test Loss: 0.3532
2024-12-06 13:10:56,379 train_model Line 431 [INFO]: Epoch [116/500], Train Loss: 0.9216, Val Loss: 0.5830, Test Loss: 0.3532
2024-12-06 13:10:56,679 train_model Line 431 [INFO]: Epoch [117/500], Train Loss: 0.9224, Val Loss: 0.5827, Test Loss: 0.3532
2024-12-06 13:10:56,975 train_model Line 431 [INFO]: Epoch [118/500], Train Loss: 0.9224, Val Loss: 0.5830, Test Loss: 0.3532
2024-12-06 13:10:57,270 train_model Line 431 [INFO]: Epoch [119/500], Train Loss: 0.9217, Val Loss: 0.5830, Test Loss: 0.3532
2024-12-06 13:10:57,557 train_model Line 431 [INFO]: Epoch [120/500], Train Loss: 0.9215, Val Loss: 0.5829, Test Loss: 0.3532
2024-12-06 13:10:57,833 train_model Line 431 [INFO]: Epoch [121/500], Train Loss: 0.9223, Val Loss: 0.5829, Test Loss: 0.3532
2024-12-06 13:10:57,834 train_model Line 450 [INFO]: Early stopping triggered.
2024-12-06 13:10:57,836 <module> Line 247 [INFO]: Training CNN_NLinear model
2024-12-06 13:11:00,749 train_model Line 201 [INFO]: Epoch [1/500], Train Loss: 0.2381, Val Loss: 0.0944, Test Loss: 0.0552
2024-12-06 13:11:00,751 train_model Line 213 [INFO]: Save best model
2024-12-06 13:11:03,508 train_model Line 201 [INFO]: Epoch [2/500], Train Loss: 0.1633, Val Loss: 0.0981, Test Loss: 0.0561
2024-12-06 13:11:06,389 train_model Line 201 [INFO]: Epoch [3/500], Train Loss: 0.1646, Val Loss: 0.0951, Test Loss: 0.0565
2024-12-06 13:11:09,160 train_model Line 201 [INFO]: Epoch [4/500], Train Loss: 0.1645, Val Loss: 0.0982, Test Loss: 0.0560
2024-12-06 13:11:14,360 train_model Line 201 [INFO]: Epoch [5/500], Train Loss: 0.1644, Val Loss: 0.0938, Test Loss: 0.0559
2024-12-06 13:11:14,361 train_model Line 213 [INFO]: Save best model
2024-12-06 13:11:17,150 train_model Line 201 [INFO]: Epoch [6/500], Train Loss: 0.1628, Val Loss: 0.0991, Test Loss: 0.0590
2024-12-06 13:11:20,020 train_model Line 201 [INFO]: Epoch [7/500], Train Loss: 0.1625, Val Loss: 0.0939, Test Loss: 0.0557
2024-12-06 13:11:22,788 train_model Line 201 [INFO]: Epoch [8/500], Train Loss: 0.1662, Val Loss: 0.0921, Test Loss: 0.0575
2024-12-06 13:11:22,789 train_model Line 213 [INFO]: Save best model
2024-12-06 13:11:25,661 train_model Line 201 [INFO]: Epoch [9/500], Train Loss: 0.1666, Val Loss: 0.0984, Test Loss: 0.0574
2024-12-06 13:11:28,418 train_model Line 201 [INFO]: Epoch [10/500], Train Loss: 0.1630, Val Loss: 0.0936, Test Loss: 0.0573
2024-12-06 13:11:31,298 train_model Line 201 [INFO]: Epoch [11/500], Train Loss: 0.1632, Val Loss: 0.0948, Test Loss: 0.0566
2024-12-06 13:11:34,100 train_model Line 201 [INFO]: Epoch [12/500], Train Loss: 0.1626, Val Loss: 0.0981, Test Loss: 0.0575
2024-12-06 13:11:36,991 train_model Line 201 [INFO]: Epoch [13/500], Train Loss: 0.1660, Val Loss: 0.0971, Test Loss: 0.0536
2024-12-06 13:11:39,740 train_model Line 201 [INFO]: Epoch [14/500], Train Loss: 0.1623, Val Loss: 0.0990, Test Loss: 0.0591
2024-12-06 13:11:42,636 train_model Line 201 [INFO]: Epoch [15/500], Train Loss: 0.1625, Val Loss: 0.0942, Test Loss: 0.0558
2024-12-06 13:11:45,407 train_model Line 201 [INFO]: Epoch [16/500], Train Loss: 0.1500, Val Loss: 0.0912, Test Loss: 0.0529
2024-12-06 13:11:45,408 train_model Line 213 [INFO]: Save best model
2024-12-06 13:11:48,255 train_model Line 201 [INFO]: Epoch [17/500], Train Loss: 0.1455, Val Loss: 0.0909, Test Loss: 0.0534
2024-12-06 13:11:48,257 train_model Line 213 [INFO]: Save best model
2024-12-06 13:11:51,046 train_model Line 201 [INFO]: Epoch [18/500], Train Loss: 0.1434, Val Loss: 0.0908, Test Loss: 0.0533
2024-12-06 13:11:51,047 train_model Line 213 [INFO]: Save best model
2024-12-06 13:11:53,996 train_model Line 201 [INFO]: Epoch [19/500], Train Loss: 0.1429, Val Loss: 0.0916, Test Loss: 0.0533
2024-12-06 13:11:56,763 train_model Line 201 [INFO]: Epoch [20/500], Train Loss: 0.1421, Val Loss: 0.0929, Test Loss: 0.0532
2024-12-06 13:11:59,654 train_model Line 201 [INFO]: Epoch [21/500], Train Loss: 0.1419, Val Loss: 0.0910, Test Loss: 0.0536
2024-12-06 13:14:01,240 train_model Line 201 [INFO]: Epoch [22/500], Train Loss: 0.1419, Val Loss: 0.0921, Test Loss: 0.0525
2024-12-06 13:14:04,100 train_model Line 201 [INFO]: Epoch [23/500], Train Loss: 0.1414, Val Loss: 0.0918, Test Loss: 0.0530
2024-12-06 13:14:06,839 train_model Line 201 [INFO]: Epoch [24/500], Train Loss: 0.1409, Val Loss: 0.0911, Test Loss: 0.0534
2024-12-06 13:14:09,708 train_model Line 201 [INFO]: Epoch [25/500], Train Loss: 0.1410, Val Loss: 0.0922, Test Loss: 0.0533
2024-12-06 13:14:12,433 train_model Line 201 [INFO]: Epoch [26/500], Train Loss: 0.1394, Val Loss: 0.0921, Test Loss: 0.0539
2024-12-06 13:14:15,306 train_model Line 201 [INFO]: Epoch [27/500], Train Loss: 0.1392, Val Loss: 0.0927, Test Loss: 0.0544
2024-12-06 13:14:18,042 train_model Line 201 [INFO]: Epoch [28/500], Train Loss: 0.1392, Val Loss: 0.0916, Test Loss: 0.0540
2024-12-06 13:14:20,957 train_model Line 201 [INFO]: Epoch [29/500], Train Loss: 0.1388, Val Loss: 0.0916, Test Loss: 0.0539
2024-12-06 13:14:23,699 train_model Line 201 [INFO]: Epoch [30/500], Train Loss: 0.1389, Val Loss: 0.0921, Test Loss: 0.0541
2024-12-06 13:14:26,555 train_model Line 201 [INFO]: Epoch [31/500], Train Loss: 0.1384, Val Loss: 0.0922, Test Loss: 0.0543
2024-12-06 13:14:29,298 train_model Line 201 [INFO]: Epoch [32/500], Train Loss: 0.1387, Val Loss: 0.0924, Test Loss: 0.0540
2024-12-06 13:14:32,181 train_model Line 201 [INFO]: Epoch [33/500], Train Loss: 0.1383, Val Loss: 0.0923, Test Loss: 0.0543
2024-12-06 13:14:35,027 train_model Line 201 [INFO]: Epoch [34/500], Train Loss: 0.1381, Val Loss: 0.0929, Test Loss: 0.0541
2024-12-06 13:14:37,879 train_model Line 201 [INFO]: Epoch [35/500], Train Loss: 0.1382, Val Loss: 0.0925, Test Loss: 0.0542
2024-12-06 13:14:40,640 train_model Line 201 [INFO]: Epoch [36/500], Train Loss: 0.1390, Val Loss: 0.0924, Test Loss: 0.0542
2024-12-06 13:14:43,484 train_model Line 201 [INFO]: Epoch [37/500], Train Loss: 0.1381, Val Loss: 0.0923, Test Loss: 0.0542
2024-12-06 13:31:49,155 train_model Line 201 [INFO]: Epoch [38/500], Train Loss: 0.1387, Val Loss: 0.0919, Test Loss: 0.0538
2024-12-06 13:31:50,260 train_model Line 201 [INFO]: Epoch [39/500], Train Loss: 0.1380, Val Loss: 0.0921, Test Loss: 0.0540
2024-12-06 13:48:34,521 train_model Line 201 [INFO]: Epoch [40/500], Train Loss: 0.1383, Val Loss: 0.0923, Test Loss: 0.0545
2024-12-06 14:17:10,507 train_model Line 201 [INFO]: Epoch [41/500], Train Loss: 0.1384, Val Loss: 0.0919, Test Loss: 0.0540
2024-12-06 14:17:17,153 train_model Line 201 [INFO]: Epoch [42/500], Train Loss: 0.1386, Val Loss: 0.0929, Test Loss: 0.0541
2024-12-06 14:17:20,248 train_model Line 201 [INFO]: Epoch [43/500], Train Loss: 0.1378, Val Loss: 0.0921, Test Loss: 0.0542
2024-12-06 14:17:23,016 train_model Line 201 [INFO]: Epoch [44/500], Train Loss: 0.1386, Val Loss: 0.0919, Test Loss: 0.0542
2024-12-06 14:17:25,945 train_model Line 201 [INFO]: Epoch [45/500], Train Loss: 0.1379, Val Loss: 0.0920, Test Loss: 0.0541
2024-12-06 14:17:28,734 train_model Line 201 [INFO]: Epoch [46/500], Train Loss: 0.1375, Val Loss: 0.0919, Test Loss: 0.0543
2024-12-06 14:17:31,791 train_model Line 201 [INFO]: Epoch [47/500], Train Loss: 0.1382, Val Loss: 0.0923, Test Loss: 0.0542
2024-12-06 14:17:34,687 train_model Line 201 [INFO]: Epoch [48/500], Train Loss: 0.1386, Val Loss: 0.0920, Test Loss: 0.0543
2024-12-06 14:17:34,688 train_model Line 220 [INFO]: Early stopping triggered.
2024-12-06 14:17:34,691 <module> Line 273 [INFO]: Training CNN_NLinear model(Custom Loss)
2024-12-06 14:17:37,638 train_model Line 201 [INFO]: Epoch [1/500], Train Loss: 1.5039, Val Loss: 0.6185, Test Loss: 0.3691
2024-12-06 14:17:37,639 train_model Line 213 [INFO]: Save best model
2024-12-06 14:17:40,452 train_model Line 201 [INFO]: Epoch [2/500], Train Loss: 1.0667, Val Loss: 0.6480, Test Loss: 0.3873
2024-12-06 14:17:43,364 train_model Line 201 [INFO]: Epoch [3/500], Train Loss: 1.0748, Val Loss: 0.6194, Test Loss: 0.3842
2024-12-06 14:17:46,181 train_model Line 201 [INFO]: Epoch [4/500], Train Loss: 1.0657, Val Loss: 0.6407, Test Loss: 0.3671
2024-12-06 14:17:49,108 train_model Line 201 [INFO]: Epoch [5/500], Train Loss: 1.0600, Val Loss: 0.6043, Test Loss: 0.3720
2024-12-06 14:17:49,109 train_model Line 213 [INFO]: Save best model
2024-12-06 14:17:51,887 train_model Line 201 [INFO]: Epoch [6/500], Train Loss: 1.0528, Val Loss: 0.6601, Test Loss: 0.3988
2024-12-06 14:17:54,806 train_model Line 201 [INFO]: Epoch [7/500], Train Loss: 1.0588, Val Loss: 0.6046, Test Loss: 0.3682
2024-12-06 14:17:57,753 train_model Line 201 [INFO]: Epoch [8/500], Train Loss: 1.0776, Val Loss: 0.5993, Test Loss: 0.3916
2024-12-06 14:17:57,755 train_model Line 213 [INFO]: Save best model
2024-12-06 14:19:07,169 train_model Line 201 [INFO]: Epoch [9/500], Train Loss: 1.0765, Val Loss: 0.6499, Test Loss: 0.3877
2024-12-06 14:19:09,954 train_model Line 201 [INFO]: Epoch [10/500], Train Loss: 1.0584, Val Loss: 0.6049, Test Loss: 0.3758
2024-12-06 14:19:12,843 train_model Line 201 [INFO]: Epoch [11/500], Train Loss: 1.0589, Val Loss: 0.6146, Test Loss: 0.3785
2024-12-06 14:19:15,644 train_model Line 201 [INFO]: Epoch [12/500], Train Loss: 1.0530, Val Loss: 0.6649, Test Loss: 0.4060
2024-12-06 14:19:18,505 train_model Line 201 [INFO]: Epoch [13/500], Train Loss: 1.0738, Val Loss: 0.6310, Test Loss: 0.3552
2024-12-06 14:19:21,295 train_model Line 201 [INFO]: Epoch [14/500], Train Loss: 1.0529, Val Loss: 0.6630, Test Loss: 0.4050
2024-12-06 14:19:24,216 train_model Line 201 [INFO]: Epoch [15/500], Train Loss: 1.0543, Val Loss: 0.6158, Test Loss: 0.3661
2024-12-06 14:19:27,051 train_model Line 201 [INFO]: Epoch [16/500], Train Loss: 0.9755, Val Loss: 0.5942, Test Loss: 0.3526
2024-12-06 14:19:27,052 train_model Line 213 [INFO]: Save best model
2024-12-06 14:19:30,421 train_model Line 201 [INFO]: Epoch [17/500], Train Loss: 0.9507, Val Loss: 0.5935, Test Loss: 0.3571
2024-12-06 14:19:30,422 train_model Line 213 [INFO]: Save best model
2024-12-06 14:19:33,400 train_model Line 201 [INFO]: Epoch [18/500], Train Loss: 0.9392, Val Loss: 0.5900, Test Loss: 0.3579
2024-12-06 14:19:33,402 train_model Line 213 [INFO]: Save best model
2024-12-06 14:19:36,906 train_model Line 201 [INFO]: Epoch [19/500], Train Loss: 0.9359, Val Loss: 0.5946, Test Loss: 0.3561
2024-12-06 14:19:42,084 train_model Line 201 [INFO]: Epoch [20/500], Train Loss: 0.9290, Val Loss: 0.6051, Test Loss: 0.3532
2024-12-06 14:19:46,834 train_model Line 201 [INFO]: Epoch [21/500], Train Loss: 0.9307, Val Loss: 0.5886, Test Loss: 0.3582
2024-12-06 14:19:46,835 train_model Line 213 [INFO]: Save best model
2024-12-06 14:19:50,631 train_model Line 201 [INFO]: Epoch [22/500], Train Loss: 0.9283, Val Loss: 0.5992, Test Loss: 0.3508
2024-12-06 14:19:54,137 train_model Line 201 [INFO]: Epoch [23/500], Train Loss: 0.9276, Val Loss: 0.6024, Test Loss: 0.3540
2024-12-06 14:19:57,648 train_model Line 201 [INFO]: Epoch [24/500], Train Loss: 0.9238, Val Loss: 0.5934, Test Loss: 0.3588
2024-12-06 14:20:01,221 train_model Line 201 [INFO]: Epoch [25/500], Train Loss: 0.9250, Val Loss: 0.6075, Test Loss: 0.3591
2024-12-06 14:20:05,070 train_model Line 201 [INFO]: Epoch [26/500], Train Loss: 0.9184, Val Loss: 0.6168, Test Loss: 0.3687
2024-12-06 14:20:08,392 train_model Line 201 [INFO]: Epoch [27/500], Train Loss: 0.9161, Val Loss: 0.6170, Test Loss: 0.3720
2024-12-06 14:20:11,566 train_model Line 201 [INFO]: Epoch [28/500], Train Loss: 0.9162, Val Loss: 0.6060, Test Loss: 0.3658
2024-12-06 14:20:14,785 train_model Line 201 [INFO]: Epoch [29/500], Train Loss: 0.9054, Val Loss: 0.6098, Test Loss: 0.3684
2024-12-06 14:20:18,124 train_model Line 201 [INFO]: Epoch [30/500], Train Loss: 0.9078, Val Loss: 0.6186, Test Loss: 0.3700
2024-12-06 14:20:21,833 train_model Line 201 [INFO]: Epoch [31/500], Train Loss: 0.9032, Val Loss: 0.6211, Test Loss: 0.3721
2024-12-06 14:20:25,482 train_model Line 201 [INFO]: Epoch [32/500], Train Loss: 0.8997, Val Loss: 0.6219, Test Loss: 0.3710
2024-12-06 14:20:29,156 train_model Line 201 [INFO]: Epoch [33/500], Train Loss: 0.9005, Val Loss: 0.6220, Test Loss: 0.3751
2024-12-06 14:20:32,912 train_model Line 201 [INFO]: Epoch [34/500], Train Loss: 0.8972, Val Loss: 0.6281, Test Loss: 0.3713
2024-12-06 14:20:36,360 train_model Line 201 [INFO]: Epoch [35/500], Train Loss: 0.8994, Val Loss: 0.6280, Test Loss: 0.3722
2024-12-06 14:20:39,912 train_model Line 201 [INFO]: Epoch [36/500], Train Loss: 0.9019, Val Loss: 0.6262, Test Loss: 0.3729
2024-12-06 14:20:43,660 train_model Line 201 [INFO]: Epoch [37/500], Train Loss: 0.8952, Val Loss: 0.6262, Test Loss: 0.3724
2024-12-06 14:20:47,289 train_model Line 201 [INFO]: Epoch [38/500], Train Loss: 0.8989, Val Loss: 0.6236, Test Loss: 0.3713
2024-12-06 14:20:50,934 train_model Line 201 [INFO]: Epoch [39/500], Train Loss: 0.8912, Val Loss: 0.6259, Test Loss: 0.3737
2024-12-06 14:20:55,037 train_model Line 201 [INFO]: Epoch [40/500], Train Loss: 0.8936, Val Loss: 0.6264, Test Loss: 0.3763
2024-12-06 14:20:58,867 train_model Line 201 [INFO]: Epoch [41/500], Train Loss: 0.9000, Val Loss: 0.6269, Test Loss: 0.3745
2024-12-06 14:21:02,659 train_model Line 201 [INFO]: Epoch [42/500], Train Loss: 0.9000, Val Loss: 0.6322, Test Loss: 0.3699
2024-12-06 14:21:06,314 train_model Line 201 [INFO]: Epoch [43/500], Train Loss: 0.8925, Val Loss: 0.6264, Test Loss: 0.3757
2024-12-06 14:21:09,515 train_model Line 201 [INFO]: Epoch [44/500], Train Loss: 0.8976, Val Loss: 0.6213, Test Loss: 0.3772
2024-12-06 14:21:12,897 train_model Line 201 [INFO]: Epoch [45/500], Train Loss: 0.8941, Val Loss: 0.6271, Test Loss: 0.3746
2024-12-06 14:21:16,238 train_model Line 201 [INFO]: Epoch [46/500], Train Loss: 0.8940, Val Loss: 0.6243, Test Loss: 0.3739
2024-12-06 14:21:19,271 train_model Line 201 [INFO]: Epoch [47/500], Train Loss: 0.8952, Val Loss: 0.6270, Test Loss: 0.3748
2024-12-06 14:21:22,458 train_model Line 201 [INFO]: Epoch [48/500], Train Loss: 0.8964, Val Loss: 0.6244, Test Loss: 0.3756
2024-12-06 14:21:25,498 train_model Line 201 [INFO]: Epoch [49/500], Train Loss: 0.8939, Val Loss: 0.6283, Test Loss: 0.3730
2024-12-06 14:21:28,732 train_model Line 201 [INFO]: Epoch [50/500], Train Loss: 0.9005, Val Loss: 0.6243, Test Loss: 0.3766
2024-12-06 14:21:32,037 train_model Line 201 [INFO]: Epoch [51/500], Train Loss: 0.8961, Val Loss: 0.6272, Test Loss: 0.3741
2024-12-06 14:21:32,038 train_model Line 220 [INFO]: Early stopping triggered.
2024-12-06 14:21:32,040 <module> Line 300 [INFO]: Training Hybrid model
2024-12-06 14:21:42,768 train_model Line 159 [INFO]: Epoch [1/500], Train Loss: 0.1395, Val Loss: 0.0893, Test Loss: 0.0532
2024-12-06 14:21:42,769 train_model Line 171 [INFO]: Save best model
2024-12-06 14:21:52,943 train_model Line 159 [INFO]: Epoch [2/500], Train Loss: 0.1393, Val Loss: 0.0894, Test Loss: 0.0532
2024-12-06 14:22:03,158 train_model Line 159 [INFO]: Epoch [3/500], Train Loss: 0.1395, Val Loss: 0.0893, Test Loss: 0.0531
2024-12-06 14:22:03,159 train_model Line 171 [INFO]: Save best model
2024-12-06 14:22:15,817 train_model Line 159 [INFO]: Epoch [4/500], Train Loss: 0.1395, Val Loss: 0.0894, Test Loss: 0.0531
2024-12-06 14:22:26,601 train_model Line 159 [INFO]: Epoch [5/500], Train Loss: 0.1394, Val Loss: 0.0893, Test Loss: 0.0531
2024-12-06 14:22:40,967 train_model Line 159 [INFO]: Epoch [6/500], Train Loss: 0.1393, Val Loss: 0.0894, Test Loss: 0.0532
2024-12-06 14:22:53,012 train_model Line 159 [INFO]: Epoch [7/500], Train Loss: 0.1392, Val Loss: 0.0893, Test Loss: 0.0531
2024-12-06 14:23:04,128 train_model Line 159 [INFO]: Epoch [8/500], Train Loss: 0.1396, Val Loss: 0.0894, Test Loss: 0.0531
2024-12-06 14:23:13,469 train_model Line 159 [INFO]: Epoch [9/500], Train Loss: 0.1393, Val Loss: 0.0895, Test Loss: 0.0532
2024-12-06 14:23:24,842 train_model Line 159 [INFO]: Epoch [10/500], Train Loss: 0.1394, Val Loss: 0.0893, Test Loss: 0.0531
2024-12-06 14:23:38,931 train_model Line 159 [INFO]: Epoch [11/500], Train Loss: 0.1397, Val Loss: 0.0895, Test Loss: 0.0532
2024-12-06 14:23:50,313 train_model Line 159 [INFO]: Epoch [12/500], Train Loss: 0.1395, Val Loss: 0.0893, Test Loss: 0.0531
2024-12-06 14:23:50,315 train_model Line 171 [INFO]: Save best model
2024-12-06 14:24:00,280 train_model Line 159 [INFO]: Epoch [13/500], Train Loss: 0.1394, Val Loss: 0.0893, Test Loss: 0.0531
2024-12-06 14:24:11,248 train_model Line 159 [INFO]: Epoch [14/500], Train Loss: 0.1395, Val Loss: 0.0894, Test Loss: 0.0531
2024-12-06 14:24:22,217 train_model Line 159 [INFO]: Epoch [15/500], Train Loss: 0.1395, Val Loss: 0.0894, Test Loss: 0.0531
2024-12-06 14:24:37,145 train_model Line 159 [INFO]: Epoch [16/500], Train Loss: 0.1394, Val Loss: 0.0894, Test Loss: 0.0532
2024-12-06 14:24:49,879 train_model Line 159 [INFO]: Epoch [17/500], Train Loss: 0.1394, Val Loss: 0.0894, Test Loss: 0.0531
2024-12-06 14:25:02,392 train_model Line 159 [INFO]: Epoch [18/500], Train Loss: 0.1392, Val Loss: 0.0893, Test Loss: 0.0531
2024-12-06 14:25:02,393 train_model Line 171 [INFO]: Save best model
2024-12-06 14:25:14,911 train_model Line 159 [INFO]: Epoch [19/500], Train Loss: 0.1394, Val Loss: 0.0894, Test Loss: 0.0531
2024-12-06 14:25:28,723 train_model Line 159 [INFO]: Epoch [20/500], Train Loss: 0.1392, Val Loss: 0.0893, Test Loss: 0.0532
2024-12-06 14:25:40,812 train_model Line 159 [INFO]: Epoch [21/500], Train Loss: 0.1394, Val Loss: 0.0894, Test Loss: 0.0531
2024-12-06 14:25:53,363 train_model Line 159 [INFO]: Epoch [22/500], Train Loss: 0.1394, Val Loss: 0.0893, Test Loss: 0.0532
2024-12-06 14:26:05,587 train_model Line 159 [INFO]: Epoch [23/500], Train Loss: 0.1393, Val Loss: 0.0893, Test Loss: 0.0531
2024-12-06 14:26:17,755 train_model Line 159 [INFO]: Epoch [24/500], Train Loss: 0.1395, Val Loss: 0.0894, Test Loss: 0.0532
2024-12-06 14:26:29,918 train_model Line 159 [INFO]: Epoch [25/500], Train Loss: 0.1393, Val Loss: 0.0894, Test Loss: 0.0532
2024-12-06 14:26:42,637 train_model Line 159 [INFO]: Epoch [26/500], Train Loss: 0.1394, Val Loss: 0.0893, Test Loss: 0.0531
2024-12-06 14:26:55,334 train_model Line 159 [INFO]: Epoch [27/500], Train Loss: 0.1394, Val Loss: 0.0893, Test Loss: 0.0531
2024-12-06 14:27:07,855 train_model Line 159 [INFO]: Epoch [28/500], Train Loss: 0.1391, Val Loss: 0.0894, Test Loss: 0.0532
2024-12-06 14:27:20,850 train_model Line 159 [INFO]: Epoch [29/500], Train Loss: 0.1395, Val Loss: 0.0895, Test Loss: 0.0532
2024-12-06 14:27:33,501 train_model Line 159 [INFO]: Epoch [30/500], Train Loss: 0.1394, Val Loss: 0.0893, Test Loss: 0.0532
2024-12-06 14:27:46,607 train_model Line 159 [INFO]: Epoch [31/500], Train Loss: 0.1393, Val Loss: 0.0893, Test Loss: 0.0531
2024-12-06 14:28:00,920 train_model Line 159 [INFO]: Epoch [32/500], Train Loss: 0.1394, Val Loss: 0.0894, Test Loss: 0.0532
2024-12-06 14:28:11,925 train_model Line 159 [INFO]: Epoch [33/500], Train Loss: 0.1394, Val Loss: 0.0894, Test Loss: 0.0531
2024-12-06 14:28:21,268 train_model Line 159 [INFO]: Epoch [34/500], Train Loss: 0.1394, Val Loss: 0.0893, Test Loss: 0.0531
2024-12-06 14:28:30,633 train_model Line 159 [INFO]: Epoch [35/500], Train Loss: 0.1392, Val Loss: 0.0894, Test Loss: 0.0532
2024-12-06 14:28:39,981 train_model Line 159 [INFO]: Epoch [36/500], Train Loss: 0.1395, Val Loss: 0.0895, Test Loss: 0.0532
2024-12-06 14:28:49,224 train_model Line 159 [INFO]: Epoch [37/500], Train Loss: 0.1394, Val Loss: 0.0894, Test Loss: 0.0531
2024-12-06 14:28:58,772 train_model Line 159 [INFO]: Epoch [38/500], Train Loss: 0.1393, Val Loss: 0.0893, Test Loss: 0.0531
2024-12-06 14:29:08,102 train_model Line 159 [INFO]: Epoch [39/500], Train Loss: 0.1393, Val Loss: 0.0894, Test Loss: 0.0532
2024-12-06 14:29:17,341 train_model Line 159 [INFO]: Epoch [40/500], Train Loss: 0.1393, Val Loss: 0.0893, Test Loss: 0.0532
2024-12-06 14:29:26,676 train_model Line 159 [INFO]: Epoch [41/500], Train Loss: 0.1393, Val Loss: 0.0892, Test Loss: 0.0531
2024-12-06 14:29:26,677 train_model Line 171 [INFO]: Save best model
2024-12-06 14:29:36,245 train_model Line 159 [INFO]: Epoch [42/500], Train Loss: 0.1393, Val Loss: 0.0894, Test Loss: 0.0531
2024-12-06 14:29:45,485 train_model Line 159 [INFO]: Epoch [43/500], Train Loss: 0.1393, Val Loss: 0.0893, Test Loss: 0.0531
2024-12-06 14:29:54,862 train_model Line 159 [INFO]: Epoch [44/500], Train Loss: 0.1396, Val Loss: 0.0894, Test Loss: 0.0532
2024-12-06 14:30:04,183 train_model Line 159 [INFO]: Epoch [45/500], Train Loss: 0.1395, Val Loss: 0.0896, Test Loss: 0.0532
2024-12-06 14:30:13,671 train_model Line 159 [INFO]: Epoch [46/500], Train Loss: 0.1395, Val Loss: 0.0894, Test Loss: 0.0531
2024-12-06 14:30:22,982 train_model Line 159 [INFO]: Epoch [47/500], Train Loss: 0.1394, Val Loss: 0.0893, Test Loss: 0.0531
2024-12-06 14:30:32,166 train_model Line 159 [INFO]: Epoch [48/500], Train Loss: 0.1395, Val Loss: 0.0893, Test Loss: 0.0531
2024-12-06 14:30:43,113 train_model Line 159 [INFO]: Epoch [49/500], Train Loss: 0.1392, Val Loss: 0.0892, Test Loss: 0.0531
2024-12-06 14:30:52,703 train_model Line 159 [INFO]: Epoch [50/500], Train Loss: 0.1394, Val Loss: 0.0894, Test Loss: 0.0531
2024-12-06 14:31:02,854 train_model Line 159 [INFO]: Epoch [51/500], Train Loss: 0.1393, Val Loss: 0.0894, Test Loss: 0.0531
2024-12-06 14:31:13,131 train_model Line 159 [INFO]: Epoch [52/500], Train Loss: 0.1395, Val Loss: 0.0893, Test Loss: 0.0531
2024-12-06 14:31:22,309 train_model Line 159 [INFO]: Epoch [53/500], Train Loss: 0.1395, Val Loss: 0.0892, Test Loss: 0.0532
2024-12-06 14:31:22,310 train_model Line 171 [INFO]: Save best model
2024-12-06 14:31:34,036 train_model Line 159 [INFO]: Epoch [54/500], Train Loss: 0.1391, Val Loss: 0.0894, Test Loss: 0.0532
2024-12-06 14:31:45,707 train_model Line 159 [INFO]: Epoch [55/500], Train Loss: 0.1395, Val Loss: 0.0893, Test Loss: 0.0532
2024-12-06 14:31:56,555 train_model Line 159 [INFO]: Epoch [56/500], Train Loss: 0.1393, Val Loss: 0.0894, Test Loss: 0.0532
2024-12-06 14:32:07,290 train_model Line 159 [INFO]: Epoch [57/500], Train Loss: 0.1393, Val Loss: 0.0894, Test Loss: 0.0531
2024-12-06 14:32:20,974 train_model Line 159 [INFO]: Epoch [58/500], Train Loss: 0.1394, Val Loss: 0.0893, Test Loss: 0.0531
2024-12-06 14:32:33,794 train_model Line 159 [INFO]: Epoch [59/500], Train Loss: 0.1395, Val Loss: 0.0893, Test Loss: 0.0531
2024-12-06 14:32:46,844 train_model Line 159 [INFO]: Epoch [60/500], Train Loss: 0.1394, Val Loss: 0.0893, Test Loss: 0.0531
2024-12-06 14:32:57,704 train_model Line 159 [INFO]: Epoch [61/500], Train Loss: 0.1391, Val Loss: 0.0895, Test Loss: 0.0531
2024-12-06 14:33:09,196 train_model Line 159 [INFO]: Epoch [62/500], Train Loss: 0.1395, Val Loss: 0.0892, Test Loss: 0.0532
2024-12-06 14:33:20,047 train_model Line 159 [INFO]: Epoch [63/500], Train Loss: 0.1393, Val Loss: 0.0894, Test Loss: 0.0532
2024-12-06 14:33:30,839 train_model Line 159 [INFO]: Epoch [64/500], Train Loss: 0.1393, Val Loss: 0.0893, Test Loss: 0.0531
2024-12-06 14:33:41,629 train_model Line 159 [INFO]: Epoch [65/500], Train Loss: 0.1392, Val Loss: 0.0895, Test Loss: 0.0532
2024-12-06 14:33:52,556 train_model Line 159 [INFO]: Epoch [66/500], Train Loss: 0.1394, Val Loss: 0.0893, Test Loss: 0.0531
2024-12-06 14:34:03,519 train_model Line 159 [INFO]: Epoch [67/500], Train Loss: 0.1393, Val Loss: 0.0893, Test Loss: 0.0532
2024-12-06 14:34:14,380 train_model Line 159 [INFO]: Epoch [68/500], Train Loss: 0.1392, Val Loss: 0.0894, Test Loss: 0.0532
2024-12-06 14:34:25,762 train_model Line 159 [INFO]: Epoch [69/500], Train Loss: 0.1393, Val Loss: 0.0893, Test Loss: 0.0532
2024-12-06 14:34:37,036 train_model Line 159 [INFO]: Epoch [70/500], Train Loss: 0.1393, Val Loss: 0.0894, Test Loss: 0.0531
2024-12-06 14:34:47,974 train_model Line 159 [INFO]: Epoch [71/500], Train Loss: 0.1392, Val Loss: 0.0893, Test Loss: 0.0531
2024-12-06 14:34:59,006 train_model Line 159 [INFO]: Epoch [72/500], Train Loss: 0.1393, Val Loss: 0.0893, Test Loss: 0.0532
2024-12-06 14:35:09,803 train_model Line 159 [INFO]: Epoch [73/500], Train Loss: 0.1394, Val Loss: 0.0893, Test Loss: 0.0532
2024-12-06 14:35:20,981 train_model Line 159 [INFO]: Epoch [74/500], Train Loss: 0.1395, Val Loss: 0.0892, Test Loss: 0.0531
2024-12-06 14:35:33,352 train_model Line 159 [INFO]: Epoch [75/500], Train Loss: 0.1394, Val Loss: 0.0893, Test Loss: 0.0532
2024-12-06 14:35:48,417 train_model Line 159 [INFO]: Epoch [76/500], Train Loss: 0.1393, Val Loss: 0.0894, Test Loss: 0.0532
2024-12-06 14:36:00,411 train_model Line 159 [INFO]: Epoch [77/500], Train Loss: 0.1393, Val Loss: 0.0894, Test Loss: 0.0531
2024-12-06 14:36:11,983 train_model Line 159 [INFO]: Epoch [78/500], Train Loss: 0.1393, Val Loss: 0.0893, Test Loss: 0.0531
2024-12-06 14:36:24,123 train_model Line 159 [INFO]: Epoch [79/500], Train Loss: 0.1393, Val Loss: 0.0893, Test Loss: 0.0532
2024-12-06 14:36:36,236 train_model Line 159 [INFO]: Epoch [80/500], Train Loss: 0.1394, Val Loss: 0.0895, Test Loss: 0.0531
2024-12-06 14:36:48,870 train_model Line 159 [INFO]: Epoch [81/500], Train Loss: 0.1394, Val Loss: 0.0893, Test Loss: 0.0532
2024-12-06 14:37:00,165 train_model Line 159 [INFO]: Epoch [82/500], Train Loss: 0.1393, Val Loss: 0.0894, Test Loss: 0.0532
2024-12-06 14:37:12,265 train_model Line 159 [INFO]: Epoch [83/500], Train Loss: 0.1395, Val Loss: 0.0893, Test Loss: 0.0532
2024-12-06 14:37:12,267 train_model Line 179 [INFO]: Early stopping triggered.
2024-12-06 14:37:12,273 <module> Line 323 [INFO]: Training Hybrid model(Custom Loss)
2024-12-06 14:37:24,556 train_model Line 159 [INFO]: Epoch [1/500], Train Loss: 0.9126, Val Loss: 0.5791, Test Loss: 0.3535
2024-12-06 14:37:24,558 train_model Line 171 [INFO]: Save best model
2024-12-06 14:37:36,073 train_model Line 159 [INFO]: Epoch [2/500], Train Loss: 0.9108, Val Loss: 0.5796, Test Loss: 0.3537
2024-12-06 14:37:48,630 train_model Line 159 [INFO]: Epoch [3/500], Train Loss: 0.9122, Val Loss: 0.5791, Test Loss: 0.3535
2024-12-06 14:37:59,984 train_model Line 159 [INFO]: Epoch [4/500], Train Loss: 0.9125, Val Loss: 0.5791, Test Loss: 0.3531
2024-12-06 14:38:11,310 train_model Line 159 [INFO]: Epoch [5/500], Train Loss: 0.9114, Val Loss: 0.5791, Test Loss: 0.3533
2024-12-06 14:38:22,439 train_model Line 159 [INFO]: Epoch [6/500], Train Loss: 0.9112, Val Loss: 0.5796, Test Loss: 0.3536
2024-12-06 14:38:35,570 train_model Line 159 [INFO]: Epoch [7/500], Train Loss: 0.9108, Val Loss: 0.5792, Test Loss: 0.3536
2024-12-06 14:38:48,777 train_model Line 159 [INFO]: Epoch [8/500], Train Loss: 0.9132, Val Loss: 0.5795, Test Loss: 0.3536
2024-12-06 14:39:02,278 train_model Line 159 [INFO]: Epoch [9/500], Train Loss: 0.9109, Val Loss: 0.5801, Test Loss: 0.3539
2024-12-06 14:39:14,120 train_model Line 159 [INFO]: Epoch [10/500], Train Loss: 0.9120, Val Loss: 0.5792, Test Loss: 0.3536
2024-12-06 14:39:26,424 train_model Line 159 [INFO]: Epoch [11/500], Train Loss: 0.9133, Val Loss: 0.5799, Test Loss: 0.3537
2024-12-06 14:39:39,104 train_model Line 159 [INFO]: Epoch [12/500], Train Loss: 0.9123, Val Loss: 0.5789, Test Loss: 0.3536
2024-12-06 14:39:39,106 train_model Line 171 [INFO]: Save best model
2024-12-06 14:39:51,427 train_model Line 159 [INFO]: Epoch [13/500], Train Loss: 0.9119, Val Loss: 0.5791, Test Loss: 0.3537
2024-12-06 14:40:03,954 train_model Line 159 [INFO]: Epoch [14/500], Train Loss: 0.9122, Val Loss: 0.5797, Test Loss: 0.3536
2024-12-06 14:40:15,994 train_model Line 159 [INFO]: Epoch [15/500], Train Loss: 0.9122, Val Loss: 0.5792, Test Loss: 0.3536
2024-12-06 14:40:28,088 train_model Line 159 [INFO]: Epoch [16/500], Train Loss: 0.9120, Val Loss: 0.5798, Test Loss: 0.3537
2024-12-06 14:40:41,113 train_model Line 159 [INFO]: Epoch [17/500], Train Loss: 0.9116, Val Loss: 0.5793, Test Loss: 0.3537
2024-12-06 14:40:54,130 train_model Line 159 [INFO]: Epoch [18/500], Train Loss: 0.9108, Val Loss: 0.5786, Test Loss: 0.3536
2024-12-06 14:40:54,132 train_model Line 171 [INFO]: Save best model
2024-12-06 14:41:08,385 train_model Line 159 [INFO]: Epoch [19/500], Train Loss: 0.9115, Val Loss: 0.5795, Test Loss: 0.3537
2024-12-06 14:41:22,116 train_model Line 159 [INFO]: Epoch [20/500], Train Loss: 0.9106, Val Loss: 0.5790, Test Loss: 0.3536
2024-12-06 14:41:36,630 train_model Line 159 [INFO]: Epoch [21/500], Train Loss: 0.9114, Val Loss: 0.5794, Test Loss: 0.3536
2024-12-06 14:41:51,068 train_model Line 159 [INFO]: Epoch [22/500], Train Loss: 0.9114, Val Loss: 0.5791, Test Loss: 0.3537
2024-12-06 14:42:05,905 train_model Line 159 [INFO]: Epoch [23/500], Train Loss: 0.9113, Val Loss: 0.5790, Test Loss: 0.3536
2024-12-06 14:42:20,880 train_model Line 159 [INFO]: Epoch [24/500], Train Loss: 0.9122, Val Loss: 0.5794, Test Loss: 0.3539
2024-12-06 14:42:36,622 train_model Line 159 [INFO]: Epoch [25/500], Train Loss: 0.9112, Val Loss: 0.5797, Test Loss: 0.3538
2024-12-06 14:42:51,365 train_model Line 159 [INFO]: Epoch [26/500], Train Loss: 0.9122, Val Loss: 0.5787, Test Loss: 0.3536
2024-12-06 14:43:05,931 train_model Line 159 [INFO]: Epoch [27/500], Train Loss: 0.9116, Val Loss: 0.5786, Test Loss: 0.3535
2024-12-06 14:43:20,719 train_model Line 159 [INFO]: Epoch [28/500], Train Loss: 0.9096, Val Loss: 0.5794, Test Loss: 0.3540
2024-12-06 14:43:35,030 train_model Line 159 [INFO]: Epoch [29/500], Train Loss: 0.9122, Val Loss: 0.5801, Test Loss: 0.3540
2024-12-06 14:43:47,522 train_model Line 159 [INFO]: Epoch [30/500], Train Loss: 0.9115, Val Loss: 0.5790, Test Loss: 0.3538
2024-12-06 14:43:57,978 train_model Line 159 [INFO]: Epoch [31/500], Train Loss: 0.9109, Val Loss: 0.5787, Test Loss: 0.3537
2024-12-06 14:44:08,990 train_model Line 159 [INFO]: Epoch [32/500], Train Loss: 0.9115, Val Loss: 0.5792, Test Loss: 0.3538
2024-12-06 14:44:20,145 train_model Line 159 [INFO]: Epoch [33/500], Train Loss: 0.9118, Val Loss: 0.5796, Test Loss: 0.3536
2024-12-06 14:44:31,233 train_model Line 159 [INFO]: Epoch [34/500], Train Loss: 0.9115, Val Loss: 0.5791, Test Loss: 0.3536
2024-12-06 14:44:42,254 train_model Line 159 [INFO]: Epoch [35/500], Train Loss: 0.9104, Val Loss: 0.5796, Test Loss: 0.3538
2024-12-06 14:44:53,306 train_model Line 159 [INFO]: Epoch [36/500], Train Loss: 0.9128, Val Loss: 0.5801, Test Loss: 0.3539
2024-12-06 14:45:04,754 train_model Line 159 [INFO]: Epoch [37/500], Train Loss: 0.9116, Val Loss: 0.5794, Test Loss: 0.3537
2024-12-06 14:45:17,806 train_model Line 159 [INFO]: Epoch [38/500], Train Loss: 0.9107, Val Loss: 0.5791, Test Loss: 0.3537
2024-12-06 14:45:30,420 train_model Line 159 [INFO]: Epoch [39/500], Train Loss: 0.9114, Val Loss: 0.5795, Test Loss: 0.3538
2024-12-06 14:45:42,372 train_model Line 159 [INFO]: Epoch [40/500], Train Loss: 0.9109, Val Loss: 0.5791, Test Loss: 0.3539
2024-12-06 14:45:54,898 train_model Line 159 [INFO]: Epoch [41/500], Train Loss: 0.9107, Val Loss: 0.5780, Test Loss: 0.3534
2024-12-06 14:45:54,900 train_model Line 171 [INFO]: Save best model
2024-12-06 14:46:07,862 train_model Line 159 [INFO]: Epoch [42/500], Train Loss: 0.9113, Val Loss: 0.5794, Test Loss: 0.3537
2024-12-06 14:46:19,872 train_model Line 159 [INFO]: Epoch [43/500], Train Loss: 0.9111, Val Loss: 0.5788, Test Loss: 0.3536
2024-12-06 14:46:32,316 train_model Line 159 [INFO]: Epoch [44/500], Train Loss: 0.9129, Val Loss: 0.5797, Test Loss: 0.3538
2024-12-06 14:46:46,474 train_model Line 159 [INFO]: Epoch [45/500], Train Loss: 0.9122, Val Loss: 0.5809, Test Loss: 0.3542
2024-12-06 14:46:59,584 train_model Line 159 [INFO]: Epoch [46/500], Train Loss: 0.9120, Val Loss: 0.5794, Test Loss: 0.3536
2024-12-06 14:47:13,313 train_model Line 159 [INFO]: Epoch [47/500], Train Loss: 0.9121, Val Loss: 0.5788, Test Loss: 0.3536
2024-12-06 14:47:26,284 train_model Line 159 [INFO]: Epoch [48/500], Train Loss: 0.9125, Val Loss: 0.5792, Test Loss: 0.3537
2024-12-06 14:47:39,296 train_model Line 159 [INFO]: Epoch [49/500], Train Loss: 0.9099, Val Loss: 0.5785, Test Loss: 0.3535
2024-12-06 14:47:52,352 train_model Line 159 [INFO]: Epoch [50/500], Train Loss: 0.9120, Val Loss: 0.5792, Test Loss: 0.3535
2024-12-06 14:48:05,172 train_model Line 159 [INFO]: Epoch [51/500], Train Loss: 0.9113, Val Loss: 0.5795, Test Loss: 0.3536
2024-12-06 14:48:17,959 train_model Line 159 [INFO]: Epoch [52/500], Train Loss: 0.9128, Val Loss: 0.5789, Test Loss: 0.3537
2024-12-06 14:48:30,955 train_model Line 159 [INFO]: Epoch [53/500], Train Loss: 0.9127, Val Loss: 0.5780, Test Loss: 0.3537
2024-12-06 14:48:43,836 train_model Line 159 [INFO]: Epoch [54/500], Train Loss: 0.9100, Val Loss: 0.5796, Test Loss: 0.3539
2024-12-06 14:48:56,678 train_model Line 159 [INFO]: Epoch [55/500], Train Loss: 0.9122, Val Loss: 0.5789, Test Loss: 0.3538
2024-12-06 14:49:09,711 train_model Line 159 [INFO]: Epoch [56/500], Train Loss: 0.9109, Val Loss: 0.5794, Test Loss: 0.3539
2024-12-06 14:49:22,203 train_model Line 159 [INFO]: Epoch [57/500], Train Loss: 0.9107, Val Loss: 0.5798, Test Loss: 0.3536
2024-12-06 14:49:35,123 train_model Line 159 [INFO]: Epoch [58/500], Train Loss: 0.9117, Val Loss: 0.5788, Test Loss: 0.3536
2024-12-06 14:49:47,688 train_model Line 159 [INFO]: Epoch [59/500], Train Loss: 0.9127, Val Loss: 0.5787, Test Loss: 0.3536
2024-12-06 14:50:01,803 train_model Line 159 [INFO]: Epoch [60/500], Train Loss: 0.9115, Val Loss: 0.5787, Test Loss: 0.3535
2024-12-06 14:50:14,855 train_model Line 159 [INFO]: Epoch [61/500], Train Loss: 0.9098, Val Loss: 0.5801, Test Loss: 0.3537
2024-12-06 14:50:27,299 train_model Line 159 [INFO]: Epoch [62/500], Train Loss: 0.9128, Val Loss: 0.5782, Test Loss: 0.3538
2024-12-06 14:50:38,836 train_model Line 159 [INFO]: Epoch [63/500], Train Loss: 0.9113, Val Loss: 0.5797, Test Loss: 0.3539
2024-12-06 14:50:50,948 train_model Line 159 [INFO]: Epoch [64/500], Train Loss: 0.9114, Val Loss: 0.5786, Test Loss: 0.3537
2024-12-06 14:51:04,214 train_model Line 159 [INFO]: Epoch [65/500], Train Loss: 0.9103, Val Loss: 0.5800, Test Loss: 0.3539
2024-12-06 14:51:16,875 train_model Line 159 [INFO]: Epoch [66/500], Train Loss: 0.9119, Val Loss: 0.5790, Test Loss: 0.3536
2024-12-06 14:51:29,313 train_model Line 159 [INFO]: Epoch [67/500], Train Loss: 0.9110, Val Loss: 0.5791, Test Loss: 0.3538
2024-12-06 14:51:42,230 train_model Line 159 [INFO]: Epoch [68/500], Train Loss: 0.9101, Val Loss: 0.5799, Test Loss: 0.3538
2024-12-06 14:51:54,558 train_model Line 159 [INFO]: Epoch [69/500], Train Loss: 0.9107, Val Loss: 0.5793, Test Loss: 0.3537
2024-12-06 14:52:07,104 train_model Line 159 [INFO]: Epoch [70/500], Train Loss: 0.9108, Val Loss: 0.5793, Test Loss: 0.3537
2024-12-06 14:52:19,786 train_model Line 159 [INFO]: Epoch [71/500], Train Loss: 0.9107, Val Loss: 0.5791, Test Loss: 0.3536
2024-12-06 14:52:19,787 train_model Line 179 [INFO]: Early stopping triggered.
2024-12-06 14:52:19,793 <module> Line 347 [INFO]: Evaluating models.
2024-12-06 14:52:19,824 final_predict Line 208 [INFO]: [NLinear Score] MSE: 0.0546, MAE: 0.1797, MAPE: 0.1443
2024-12-06 14:52:20,009 final_predict Line 253 [INFO]: [DLinear Score] MSE: 0.0542, MAE:0.1775, MAPE: 0.1415
2024-12-06 14:52:20,278 final_predict Line 503 [INFO]: [DNLinear Score] MSE: 0.0527, MAE: 0.1763, MAPE: 0.1420
2024-12-06 14:52:21,052 final_predict Line 273 [INFO]: [CNN + NLinear Score] MSE: 0.0536, MAE: 0.1798, MAPE: 0.1460
2024-12-06 14:52:23,299 final_predict Line 232 [INFO]: [Hybrid model Score] MSE: 0.0532, MAE: 0.1773, MAPE: 0.1426
2024-12-06 14:52:23,448 <module> Line 355 [INFO]: Evaluating models(Custom Loss).
2024-12-06 14:52:23,479 final_predict Line 208 [INFO]: [NLinear Score] MSE: 0.0546, MAE: 0.1798, MAPE: 0.1443
2024-12-06 14:52:23,666 final_predict Line 253 [INFO]: [DLinear Score] MSE: 0.0550, MAE:0.1782, MAPE: 0.1409
2024-12-06 14:52:23,906 final_predict Line 503 [INFO]: [DNLinear Score] MSE: 0.0531, MAE: 0.1770, MAPE: 0.1424
2024-12-06 14:52:24,444 final_predict Line 273 [INFO]: [CNN + NLinear Score] MSE: 0.0539, MAE: 0.1796, MAPE: 0.1451
2024-12-06 14:52:26,613 final_predict Line 232 [INFO]: [Hybrid model Score] MSE: 0.0532, MAE: 0.1773, MAPE: 0.1427
2024-12-06 14:52:26,740 <module> Line 370 [INFO]: main.py Elapsed time: 1:45:18.136402
